=== INICIO DEL PROCESO DE OVERLAY ===

========== Cargando capa: layerSoto3 ==========
  Vértice leído: C1layerSoto3 (0.0, 0.0) incidente=c1
  Vértice leído: C2layerSoto3 (10.0, 2.0) incidente=c2
  Vértice leído: C3layerSoto3 (18.0, 1.0) incidente=c3
  Vértice leído: C4layerSoto3 (25.0, 3.0) incidente=c4
  Vértice leído: C5layerSoto3 (30.0, 8.0) incidente=c5
  Vértice leído: C6layerSoto3 (32.0, 15.0) incidente=c6
  Vértice leído: C7layerSoto3 (28.0, 22.0) incidente=c7
  Vértice leído: C8layerSoto3 (22.0, 28.0) incidente=c8
  Vértice leído: C9layerSoto3 (15.0, 30.0) incidente=c9
  Vértice leído: C10layerSoto3 (8.0, 28.0) incidente=c10
  Vértice leído: C11layerSoto3 (2.0, 22.0) incidente=c11
  Vértice leído: C12layerSoto3 (0.0, 15.0) incidente=c12
  Vértice leído: L1layerSoto3 (5.0, 6.0) incidente=l1
  Vértice leído: L2layerSoto3 (8.0, 5.0) incidente=l2
  Vértice leído: L3layerSoto3 (12.0, 6.0) incidente=l3
  Vértice leído: L4layerSoto3 (10.0, 10.0) incidente=l4
  Vértice leído: L5layerSoto3 (6.0, 10.0) incidente=l5
  Vértice leído: I1layerSoto3 (7.0, 7.0) incidente=i1
  Vértice leído: I2layerSoto3 (9.0, 7.0) incidente=i2
  Vértice leído: I3layerSoto3 (8.0, 9.0) incidente=i3
  Vértice leído: F1layerSoto3 (14.0, 12.0) incidente=f1
  Vértice leído: F2layerSoto3 (18.0, 11.0) incidente=f2
  Vértice leído: F3layerSoto3 (20.0, 15.0) incidente=f3
  Vértice leído: F4layerSoto3 (16.0, 16.0) incidente=f4
  Vértice leído: F5layerSoto3 (14.0, 15.0) incidente=f5
  Vértice leído: M1layerSoto3 (22.0, 10.0) incidente=m1
  Vértice leído: M2layerSoto3 (26.0, 9.0) incidente=m2
  Vértice leído: M3layerSoto3 (28.0, 12.0) incidente=m3
  Vértice leído: M4layerSoto3 (24.0, 14.0) incidente=m4
  Vértice leído: M5layerSoto3 (22.0, 13.0) incidente=m5
  Vértice leído: R1layerSoto3 (4.0, 18.0) incidente=r1
  Vértice leído: R2layerSoto3 (6.0, 16.0) incidente=r2
  Vértice leído: R3layerSoto3 (10.0, 17.0) incidente=r3
  Vértice leído: R4layerSoto3 (12.0, 19.0) incidente=r4
  Vértice leído: R5layerSoto3 (8.0, 21.0) incidente=r5
  Vértice leído: R6layerSoto3 (5.0, 20.0) incidente=r6
  Vértice leído: P1layerSoto3 (15.0, 20.0) incidente=p1
  Vértice leído: P2layerSoto3 (18.0, 19.0) incidente=p2
  Vértice leído: P3layerSoto3 (20.0, 21.0) incidente=p3
  Vértice leído: P4layerSoto3 (17.0, 23.0) incidente=p4
  Vértice leído: P5layerSoto3 (14.0, 22.0) incidente=p5
  Vértice leído: S1layerSoto3 (26.0, 18.0) incidente=s1
  Vértice leído: S2layerSoto3 (28.0, 20.0) incidente=s2
  Vértice leído: S3layerSoto3 (25.0, 22.0) incidente=s3
  Vértice leído: S4layerSoto3 (23.0, 19.0) incidente=s4
  Arista leída: c1layerSoto3 orig=C1 pareja=c1_t cara=ISLA sig=c2 ant=c12
  Arista leída: c1_tlayerSoto3 orig=C2 pareja=c1 cara=INF sig=c12_t ant=c2_t
  Arista leída: c2layerSoto3 orig=C2 pareja=c2_t cara=ISLA sig=c3 ant=c1
  Arista leída: c2_tlayerSoto3 orig=C3 pareja=c2 cara=INF sig=c1_t ant=c3_t
  Arista leída: c3layerSoto3 orig=C3 pareja=c3_t cara=ISLA sig=c4 ant=c2
  Arista leída: c3_tlayerSoto3 orig=C4 pareja=c3 cara=INF sig=c2_t ant=c4_t
  Arista leída: c4layerSoto3 orig=C4 pareja=c4_t cara=ISLA sig=c5 ant=c3
  Arista leída: c4_tlayerSoto3 orig=C5 pareja=c4 cara=INF sig=c3_t ant=c5_t
  Arista leída: c5layerSoto3 orig=C5 pareja=c5_t cara=ISLA sig=c6 ant=c4
  Arista leída: c5_tlayerSoto3 orig=C6 pareja=c5 cara=INF sig=c4_t ant=c6_t
  Arista leída: c6layerSoto3 orig=C6 pareja=c6_t cara=ISLA sig=c7 ant=c5
  Arista leída: c6_tlayerSoto3 orig=C7 pareja=c6 cara=INF sig=c5_t ant=c7_t
  Arista leída: c7layerSoto3 orig=C7 pareja=c7_t cara=ISLA sig=c8 ant=c6
  Arista leída: c7_tlayerSoto3 orig=C8 pareja=c7 cara=INF sig=c6_t ant=c8_t
  Arista leída: c8layerSoto3 orig=C8 pareja=c8_t cara=ISLA sig=c9 ant=c7
  Arista leída: c8_tlayerSoto3 orig=C9 pareja=c8 cara=INF sig=c7_t ant=c9_t
  Arista leída: c9layerSoto3 orig=C9 pareja=c9_t cara=ISLA sig=c10 ant=c8
  Arista leída: c9_tlayerSoto3 orig=C10 pareja=c9 cara=INF sig=c8_t ant=c10_t
  Arista leída: c10layerSoto3 orig=C10 pareja=c10_t cara=ISLA sig=c11 ant=c9
  Arista leída: c10_tlayerSoto3 orig=C11 pareja=c10 cara=INF sig=c9_t ant=c11_t
  Arista leída: c11layerSoto3 orig=C11 pareja=c11_t cara=ISLA sig=c12 ant=c10
  Arista leída: c11_tlayerSoto3 orig=C12 pareja=c11 cara=INF sig=c10_t ant=c12_t
  Arista leída: c12layerSoto3 orig=C12 pareja=c12_t cara=ISLA sig=c1 ant=c11
  Arista leída: c12_tlayerSoto3 orig=C1 pareja=c12 cara=INF sig=c11_t ant=c1_t
  Arista leída: l1layerSoto3 orig=L1 pareja=l1_t cara=LAGO sig=l2 ant=l5
  Arista leída: l1_tlayerSoto3 orig=L2 pareja=l1 cara=ISLA sig=l5_t ant=l2_t
  Arista leída: l2layerSoto3 orig=L2 pareja=l2_t cara=LAGO sig=l3 ant=l1
  Arista leída: l2_tlayerSoto3 orig=L3 pareja=l2 cara=ISLA sig=l1_t ant=l3_t
  Arista leída: l3layerSoto3 orig=L3 pareja=l3_t cara=LAGO sig=l4 ant=l2
  Arista leída: l3_tlayerSoto3 orig=L4 pareja=l3 cara=ISLA sig=l2_t ant=l4_t
  Arista leída: l4layerSoto3 orig=L4 pareja=l4_t cara=LAGO sig=l5 ant=l3
  Arista leída: l4_tlayerSoto3 orig=L5 pareja=l4 cara=ISLA sig=l3_t ant=l5_t
  Arista leída: l5layerSoto3 orig=L5 pareja=l5_t cara=LAGO sig=l1 ant=l4
  Arista leída: l5_tlayerSoto3 orig=L1 pareja=l5 cara=ISLA sig=l4_t ant=l1_t
  Arista leída: i1layerSoto3 orig=I1 pareja=i1_t cara=ISLOTE sig=i2 ant=i3
  Arista leída: i1_tlayerSoto3 orig=I2 pareja=i1 cara=LAGO sig=i3_t ant=i2_t
  Arista leída: i2layerSoto3 orig=I2 pareja=i2_t cara=ISLOTE sig=i3 ant=i1
  Arista leída: i2_tlayerSoto3 orig=I3 pareja=i2 cara=LAGO sig=i1_t ant=i3_t
  Arista leída: i3layerSoto3 orig=I3 pareja=i3_t cara=ISLOTE sig=i1 ant=i2
  Arista leída: i3_tlayerSoto3 orig=I1 pareja=i3 cara=LAGO sig=i2_t ant=i1_t
  Arista leída: f1layerSoto3 orig=F1 pareja=f1_t cara=BOSQUE sig=f2 ant=f5
  Arista leída: f1_tlayerSoto3 orig=F2 pareja=f1 cara=ISLA sig=f5_t ant=f2_t
  Arista leída: f2layerSoto3 orig=F2 pareja=f2_t cara=BOSQUE sig=f3 ant=f1
  Arista leída: f2_tlayerSoto3 orig=F3 pareja=f2 cara=ISLA sig=f1_t ant=f3_t
  Arista leída: f3layerSoto3 orig=F3 pareja=f3_t cara=BOSQUE sig=f4 ant=f2
  Arista leída: f3_tlayerSoto3 orig=F4 pareja=f3 cara=ISLA sig=f2_t ant=f4_t
  Arista leída: f4layerSoto3 orig=F4 pareja=f4_t cara=BOSQUE sig=f5 ant=f3
  Arista leída: f4_tlayerSoto3 orig=F5 pareja=f4 cara=ISLA sig=f3_t ant=f5_t
  Arista leída: f5layerSoto3 orig=F5 pareja=f5_t cara=BOSQUE sig=f1 ant=f4
  Arista leída: f5_tlayerSoto3 orig=F1 pareja=f5 cara=ISLA sig=f4_t ant=f1_t
  Arista leída: m1layerSoto3 orig=M1 pareja=m1_t cara=MONTE sig=m2 ant=m5
  Arista leída: m1_tlayerSoto3 orig=M2 pareja=m1 cara=ISLA sig=m5_t ant=m2_t
  Arista leída: m2layerSoto3 orig=M2 pareja=m2_t cara=MONTE sig=m3 ant=m1
  Arista leída: m2_tlayerSoto3 orig=M3 pareja=m2 cara=ISLA sig=m1_t ant=m3_t
  Arista leída: m3layerSoto3 orig=M3 pareja=m3_t cara=MONTE sig=m4 ant=m2
  Arista leída: m3_tlayerSoto3 orig=M4 pareja=m3 cara=ISLA sig=m2_t ant=m4_t
  Arista leída: m4layerSoto3 orig=M4 pareja=m4_t cara=MONTE sig=m5 ant=m3
  Arista leída: m4_tlayerSoto3 orig=M5 pareja=m4 cara=ISLA sig=m3_t ant=m5_t
  Arista leída: m5layerSoto3 orig=M5 pareja=m5_t cara=MONTE sig=m1 ant=m4
  Arista leída: m5_tlayerSoto3 orig=M1 pareja=m5 cara=ISLA sig=m4_t ant=m1_t
  Arista leída: r1layerSoto3 orig=R1 pareja=r1_t cara=RIO sig=r2 ant=r6
  Arista leída: r1_tlayerSoto3 orig=R2 pareja=r1 cara=ISLA sig=r6_t ant=r2_t
  Arista leída: r2layerSoto3 orig=R2 pareja=r2_t cara=RIO sig=r3 ant=r1
  Arista leída: r2_tlayerSoto3 orig=R3 pareja=r2 cara=ISLA sig=r1_t ant=r3_t
  Arista leída: r3layerSoto3 orig=R3 pareja=r3_t cara=RIO sig=r4 ant=r2
  Arista leída: r3_tlayerSoto3 orig=R4 pareja=r3 cara=ISLA sig=r2_t ant=r4_t
  Arista leída: r4layerSoto3 orig=R4 pareja=r4_t cara=RIO sig=r5 ant=r3
  Arista leída: r4_tlayerSoto3 orig=R5 pareja=r4 cara=ISLA sig=r3_t ant=r5_t
  Arista leída: r5layerSoto3 orig=R5 pareja=r5_t cara=RIO sig=r6 ant=r4
  Arista leída: r5_tlayerSoto3 orig=R6 pareja=r5 cara=ISLA sig=r4_t ant=r6_t
  Arista leída: r6layerSoto3 orig=R6 pareja=r6_t cara=RIO sig=r1 ant=r5
  Arista leída: r6_tlayerSoto3 orig=R1 pareja=r6 cara=ISLA sig=r5_t ant=r1_t
  Arista leída: p1layerSoto3 orig=P1 pareja=p1_t cara=PUEBLO sig=p2 ant=p5
  Arista leída: p1_tlayerSoto3 orig=P2 pareja=p1 cara=ISLA sig=p5_t ant=p2_t
  Arista leída: p2layerSoto3 orig=P2 pareja=p2_t cara=PUEBLO sig=p3 ant=p1
  Arista leída: p2_tlayerSoto3 orig=P3 pareja=p2 cara=ISLA sig=p1_t ant=p3_t
  Arista leída: p3layerSoto3 orig=P3 pareja=p3_t cara=PUEBLO sig=p4 ant=p2
  Arista leída: p3_tlayerSoto3 orig=P4 pareja=p3 cara=ISLA sig=p2_t ant=p4_t
  Arista leída: p4layerSoto3 orig=P4 pareja=p4_t cara=PUEBLO sig=p5 ant=p3
  Arista leída: p4_tlayerSoto3 orig=P5 pareja=p4 cara=ISLA sig=p3_t ant=p5_t
  Arista leída: p5layerSoto3 orig=P5 pareja=p5_t cara=PUEBLO sig=p1 ant=p4
  Arista leída: p5_tlayerSoto3 orig=P1 pareja=p5 cara=ISLA sig=p4_t ant=p1_t
  Arista leída: s1layerSoto3 orig=S1 pareja=s1_t cara=SABANA sig=s2 ant=s4
  Arista leída: s1_tlayerSoto3 orig=S2 pareja=s1 cara=ISLA sig=s4_t ant=s2_t
  Arista leída: s2layerSoto3 orig=S2 pareja=s2_t cara=SABANA sig=s3 ant=s1
  Arista leída: s2_tlayerSoto3 orig=S3 pareja=s2 cara=ISLA sig=s1_t ant=s3_t
  Arista leída: s3layerSoto3 orig=S3 pareja=s3_t cara=SABANA sig=s4 ant=s2
  Arista leída: s3_tlayerSoto3 orig=S4 pareja=s3 cara=ISLA sig=s2_t ant=s4_t
  Arista leída: s4layerSoto3 orig=S4 pareja=s4_t cara=SABANA sig=s1 ant=s3
  Arista leída: s4_tlayerSoto3 orig=S1 pareja=s4 cara=ISLA sig=s3_t ant=s1_t
  Cara leída: INFlayerSoto3 externo=None internos=[c1_t]
  Cara leída: ISLAlayerSoto3 externo=c1 internos=[l1_t,f1_t,m1_t,r1_t,p1_t,s1_t]
  Cara leída: LAGOlayerSoto3 externo=l1 internos=[i1_t]
  Cara leída: ISLOTElayerSoto3 externo=i1 internos=None
  Cara leída: BOSQUElayerSoto3 externo=f1 internos=None
  Cara leída: MONTElayerSoto3 externo=m1 internos=None
  Cara leída: RIOlayerSoto3 externo=r1 internos=None
  Cara leída: PUEBLOlayerSoto3 externo=p1 internos=None
  Cara leída: SABANAlayerSoto3 externo=s1 internos=None
  Activa leída: PUEBLOlayerSoto3
  Activa leída: BOSQUElayerSoto3
  Activa leída: ISLOTElayerSoto3
  Activa leída: RIOlayerSoto3
  Resuelta arista c1layerSoto3: vertOrig=C1layerSoto3 pareja=c1_tlayerSoto3 cara=ISLAlayerSoto3 sig=c2layerSoto3 ant=c12layerSoto3
  Resuelta arista c1_tlayerSoto3: vertOrig=C2layerSoto3 pareja=c1layerSoto3 cara=INFlayerSoto3 sig=c12_tlayerSoto3 ant=c2_tlayerSoto3
  Resuelta arista c2layerSoto3: vertOrig=C2layerSoto3 pareja=c2_tlayerSoto3 cara=ISLAlayerSoto3 sig=c3layerSoto3 ant=c1layerSoto3
  Resuelta arista c2_tlayerSoto3: vertOrig=C3layerSoto3 pareja=c2layerSoto3 cara=INFlayerSoto3 sig=c1_tlayerSoto3 ant=c3_tlayerSoto3
  Resuelta arista c3layerSoto3: vertOrig=C3layerSoto3 pareja=c3_tlayerSoto3 cara=ISLAlayerSoto3 sig=c4layerSoto3 ant=c2layerSoto3
  Resuelta arista c3_tlayerSoto3: vertOrig=C4layerSoto3 pareja=c3layerSoto3 cara=INFlayerSoto3 sig=c2_tlayerSoto3 ant=c4_tlayerSoto3
  Resuelta arista c4layerSoto3: vertOrig=C4layerSoto3 pareja=c4_tlayerSoto3 cara=ISLAlayerSoto3 sig=c5layerSoto3 ant=c3layerSoto3
  Resuelta arista c4_tlayerSoto3: vertOrig=C5layerSoto3 pareja=c4layerSoto3 cara=INFlayerSoto3 sig=c3_tlayerSoto3 ant=c5_tlayerSoto3
  Resuelta arista c5layerSoto3: vertOrig=C5layerSoto3 pareja=c5_tlayerSoto3 cara=ISLAlayerSoto3 sig=c6layerSoto3 ant=c4layerSoto3
  Resuelta arista c5_tlayerSoto3: vertOrig=C6layerSoto3 pareja=c5layerSoto3 cara=INFlayerSoto3 sig=c4_tlayerSoto3 ant=c6_tlayerSoto3
  Resuelta arista c6layerSoto3: vertOrig=C6layerSoto3 pareja=c6_tlayerSoto3 cara=ISLAlayerSoto3 sig=c7layerSoto3 ant=c5layerSoto3
  Resuelta arista c6_tlayerSoto3: vertOrig=C7layerSoto3 pareja=c6layerSoto3 cara=INFlayerSoto3 sig=c5_tlayerSoto3 ant=c7_tlayerSoto3
  Resuelta arista c7layerSoto3: vertOrig=C7layerSoto3 pareja=c7_tlayerSoto3 cara=ISLAlayerSoto3 sig=c8layerSoto3 ant=c6layerSoto3
  Resuelta arista c7_tlayerSoto3: vertOrig=C8layerSoto3 pareja=c7layerSoto3 cara=INFlayerSoto3 sig=c6_tlayerSoto3 ant=c8_tlayerSoto3
  Resuelta arista c8layerSoto3: vertOrig=C8layerSoto3 pareja=c8_tlayerSoto3 cara=ISLAlayerSoto3 sig=c9layerSoto3 ant=c7layerSoto3
  Resuelta arista c8_tlayerSoto3: vertOrig=C9layerSoto3 pareja=c8layerSoto3 cara=INFlayerSoto3 sig=c7_tlayerSoto3 ant=c9_tlayerSoto3
  Resuelta arista c9layerSoto3: vertOrig=C9layerSoto3 pareja=c9_tlayerSoto3 cara=ISLAlayerSoto3 sig=c10layerSoto3 ant=c8layerSoto3
  Resuelta arista c9_tlayerSoto3: vertOrig=C10layerSoto3 pareja=c9layerSoto3 cara=INFlayerSoto3 sig=c8_tlayerSoto3 ant=c10_tlayerSoto3
  Resuelta arista c10layerSoto3: vertOrig=C10layerSoto3 pareja=c10_tlayerSoto3 cara=ISLAlayerSoto3 sig=c11layerSoto3 ant=c9layerSoto3
  Resuelta arista c10_tlayerSoto3: vertOrig=C11layerSoto3 pareja=c10layerSoto3 cara=INFlayerSoto3 sig=c9_tlayerSoto3 ant=c11_tlayerSoto3
  Resuelta arista c11layerSoto3: vertOrig=C11layerSoto3 pareja=c11_tlayerSoto3 cara=ISLAlayerSoto3 sig=c12layerSoto3 ant=c10layerSoto3
  Resuelta arista c11_tlayerSoto3: vertOrig=C12layerSoto3 pareja=c11layerSoto3 cara=INFlayerSoto3 sig=c10_tlayerSoto3 ant=c12_tlayerSoto3
  Resuelta arista c12layerSoto3: vertOrig=C12layerSoto3 pareja=c12_tlayerSoto3 cara=ISLAlayerSoto3 sig=c1layerSoto3 ant=c11layerSoto3
  Resuelta arista c12_tlayerSoto3: vertOrig=C1layerSoto3 pareja=c12layerSoto3 cara=INFlayerSoto3 sig=c11_tlayerSoto3 ant=c1_tlayerSoto3
  Resuelta arista l1layerSoto3: vertOrig=L1layerSoto3 pareja=l1_tlayerSoto3 cara=LAGOlayerSoto3 sig=l2layerSoto3 ant=l5layerSoto3
  Resuelta arista l1_tlayerSoto3: vertOrig=L2layerSoto3 pareja=l1layerSoto3 cara=ISLAlayerSoto3 sig=l5_tlayerSoto3 ant=l2_tlayerSoto3
  Resuelta arista l2layerSoto3: vertOrig=L2layerSoto3 pareja=l2_tlayerSoto3 cara=LAGOlayerSoto3 sig=l3layerSoto3 ant=l1layerSoto3
  Resuelta arista l2_tlayerSoto3: vertOrig=L3layerSoto3 pareja=l2layerSoto3 cara=ISLAlayerSoto3 sig=l1_tlayerSoto3 ant=l3_tlayerSoto3
  Resuelta arista l3layerSoto3: vertOrig=L3layerSoto3 pareja=l3_tlayerSoto3 cara=LAGOlayerSoto3 sig=l4layerSoto3 ant=l2layerSoto3
  Resuelta arista l3_tlayerSoto3: vertOrig=L4layerSoto3 pareja=l3layerSoto3 cara=ISLAlayerSoto3 sig=l2_tlayerSoto3 ant=l4_tlayerSoto3
  Resuelta arista l4layerSoto3: vertOrig=L4layerSoto3 pareja=l4_tlayerSoto3 cara=LAGOlayerSoto3 sig=l5layerSoto3 ant=l3layerSoto3
  Resuelta arista l4_tlayerSoto3: vertOrig=L5layerSoto3 pareja=l4layerSoto3 cara=ISLAlayerSoto3 sig=l3_tlayerSoto3 ant=l5_tlayerSoto3
  Resuelta arista l5layerSoto3: vertOrig=L5layerSoto3 pareja=l5_tlayerSoto3 cara=LAGOlayerSoto3 sig=l1layerSoto3 ant=l4layerSoto3
  Resuelta arista l5_tlayerSoto3: vertOrig=L1layerSoto3 pareja=l5layerSoto3 cara=ISLAlayerSoto3 sig=l4_tlayerSoto3 ant=l1_tlayerSoto3
  Resuelta arista i1layerSoto3: vertOrig=I1layerSoto3 pareja=i1_tlayerSoto3 cara=ISLOTElayerSoto3 sig=i2layerSoto3 ant=i3layerSoto3
  Resuelta arista i1_tlayerSoto3: vertOrig=I2layerSoto3 pareja=i1layerSoto3 cara=LAGOlayerSoto3 sig=i3_tlayerSoto3 ant=i2_tlayerSoto3
  Resuelta arista i2layerSoto3: vertOrig=I2layerSoto3 pareja=i2_tlayerSoto3 cara=ISLOTElayerSoto3 sig=i3layerSoto3 ant=i1layerSoto3
  Resuelta arista i2_tlayerSoto3: vertOrig=I3layerSoto3 pareja=i2layerSoto3 cara=LAGOlayerSoto3 sig=i1_tlayerSoto3 ant=i3_tlayerSoto3
  Resuelta arista i3layerSoto3: vertOrig=I3layerSoto3 pareja=i3_tlayerSoto3 cara=ISLOTElayerSoto3 sig=i1layerSoto3 ant=i2layerSoto3
  Resuelta arista i3_tlayerSoto3: vertOrig=I1layerSoto3 pareja=i3layerSoto3 cara=LAGOlayerSoto3 sig=i2_tlayerSoto3 ant=i1_tlayerSoto3
  Resuelta arista f1layerSoto3: vertOrig=F1layerSoto3 pareja=f1_tlayerSoto3 cara=BOSQUElayerSoto3 sig=f2layerSoto3 ant=f5layerSoto3
  Resuelta arista f1_tlayerSoto3: vertOrig=F2layerSoto3 pareja=f1layerSoto3 cara=ISLAlayerSoto3 sig=f5_tlayerSoto3 ant=f2_tlayerSoto3
  Resuelta arista f2layerSoto3: vertOrig=F2layerSoto3 pareja=f2_tlayerSoto3 cara=BOSQUElayerSoto3 sig=f3layerSoto3 ant=f1layerSoto3
  Resuelta arista f2_tlayerSoto3: vertOrig=F3layerSoto3 pareja=f2layerSoto3 cara=ISLAlayerSoto3 sig=f1_tlayerSoto3 ant=f3_tlayerSoto3
  Resuelta arista f3layerSoto3: vertOrig=F3layerSoto3 pareja=f3_tlayerSoto3 cara=BOSQUElayerSoto3 sig=f4layerSoto3 ant=f2layerSoto3
  Resuelta arista f3_tlayerSoto3: vertOrig=F4layerSoto3 pareja=f3layerSoto3 cara=ISLAlayerSoto3 sig=f2_tlayerSoto3 ant=f4_tlayerSoto3
  Resuelta arista f4layerSoto3: vertOrig=F4layerSoto3 pareja=f4_tlayerSoto3 cara=BOSQUElayerSoto3 sig=f5layerSoto3 ant=f3layerSoto3
  Resuelta arista f4_tlayerSoto3: vertOrig=F5layerSoto3 pareja=f4layerSoto3 cara=ISLAlayerSoto3 sig=f3_tlayerSoto3 ant=f5_tlayerSoto3
  Resuelta arista f5layerSoto3: vertOrig=F5layerSoto3 pareja=f5_tlayerSoto3 cara=BOSQUElayerSoto3 sig=f1layerSoto3 ant=f4layerSoto3
  Resuelta arista f5_tlayerSoto3: vertOrig=F1layerSoto3 pareja=f5layerSoto3 cara=ISLAlayerSoto3 sig=f4_tlayerSoto3 ant=f1_tlayerSoto3
  Resuelta arista m1layerSoto3: vertOrig=M1layerSoto3 pareja=m1_tlayerSoto3 cara=MONTElayerSoto3 sig=m2layerSoto3 ant=m5layerSoto3
  Resuelta arista m1_tlayerSoto3: vertOrig=M2layerSoto3 pareja=m1layerSoto3 cara=ISLAlayerSoto3 sig=m5_tlayerSoto3 ant=m2_tlayerSoto3
  Resuelta arista m2layerSoto3: vertOrig=M2layerSoto3 pareja=m2_tlayerSoto3 cara=MONTElayerSoto3 sig=m3layerSoto3 ant=m1layerSoto3
  Resuelta arista m2_tlayerSoto3: vertOrig=M3layerSoto3 pareja=m2layerSoto3 cara=ISLAlayerSoto3 sig=m1_tlayerSoto3 ant=m3_tlayerSoto3
  Resuelta arista m3layerSoto3: vertOrig=M3layerSoto3 pareja=m3_tlayerSoto3 cara=MONTElayerSoto3 sig=m4layerSoto3 ant=m2layerSoto3
  Resuelta arista m3_tlayerSoto3: vertOrig=M4layerSoto3 pareja=m3layerSoto3 cara=ISLAlayerSoto3 sig=m2_tlayerSoto3 ant=m4_tlayerSoto3
  Resuelta arista m4layerSoto3: vertOrig=M4layerSoto3 pareja=m4_tlayerSoto3 cara=MONTElayerSoto3 sig=m5layerSoto3 ant=m3layerSoto3
  Resuelta arista m4_tlayerSoto3: vertOrig=M5layerSoto3 pareja=m4layerSoto3 cara=ISLAlayerSoto3 sig=m3_tlayerSoto3 ant=m5_tlayerSoto3
  Resuelta arista m5layerSoto3: vertOrig=M5layerSoto3 pareja=m5_tlayerSoto3 cara=MONTElayerSoto3 sig=m1layerSoto3 ant=m4layerSoto3
  Resuelta arista m5_tlayerSoto3: vertOrig=M1layerSoto3 pareja=m5layerSoto3 cara=ISLAlayerSoto3 sig=m4_tlayerSoto3 ant=m1_tlayerSoto3
  Resuelta arista r1layerSoto3: vertOrig=R1layerSoto3 pareja=r1_tlayerSoto3 cara=RIOlayerSoto3 sig=r2layerSoto3 ant=r6layerSoto3
  Resuelta arista r1_tlayerSoto3: vertOrig=R2layerSoto3 pareja=r1layerSoto3 cara=ISLAlayerSoto3 sig=r6_tlayerSoto3 ant=r2_tlayerSoto3
  Resuelta arista r2layerSoto3: vertOrig=R2layerSoto3 pareja=r2_tlayerSoto3 cara=RIOlayerSoto3 sig=r3layerSoto3 ant=r1layerSoto3
  Resuelta arista r2_tlayerSoto3: vertOrig=R3layerSoto3 pareja=r2layerSoto3 cara=ISLAlayerSoto3 sig=r1_tlayerSoto3 ant=r3_tlayerSoto3
  Resuelta arista r3layerSoto3: vertOrig=R3layerSoto3 pareja=r3_tlayerSoto3 cara=RIOlayerSoto3 sig=r4layerSoto3 ant=r2layerSoto3
  Resuelta arista r3_tlayerSoto3: vertOrig=R4layerSoto3 pareja=r3layerSoto3 cara=ISLAlayerSoto3 sig=r2_tlayerSoto3 ant=r4_tlayerSoto3
  Resuelta arista r4layerSoto3: vertOrig=R4layerSoto3 pareja=r4_tlayerSoto3 cara=RIOlayerSoto3 sig=r5layerSoto3 ant=r3layerSoto3
  Resuelta arista r4_tlayerSoto3: vertOrig=R5layerSoto3 pareja=r4layerSoto3 cara=ISLAlayerSoto3 sig=r3_tlayerSoto3 ant=r5_tlayerSoto3
  Resuelta arista r5layerSoto3: vertOrig=R5layerSoto3 pareja=r5_tlayerSoto3 cara=RIOlayerSoto3 sig=r6layerSoto3 ant=r4layerSoto3
  Resuelta arista r5_tlayerSoto3: vertOrig=R6layerSoto3 pareja=r5layerSoto3 cara=ISLAlayerSoto3 sig=r4_tlayerSoto3 ant=r6_tlayerSoto3
  Resuelta arista r6layerSoto3: vertOrig=R6layerSoto3 pareja=r6_tlayerSoto3 cara=RIOlayerSoto3 sig=r1layerSoto3 ant=r5layerSoto3
  Resuelta arista r6_tlayerSoto3: vertOrig=R1layerSoto3 pareja=r6layerSoto3 cara=ISLAlayerSoto3 sig=r5_tlayerSoto3 ant=r1_tlayerSoto3
  Resuelta arista p1layerSoto3: vertOrig=P1layerSoto3 pareja=p1_tlayerSoto3 cara=PUEBLOlayerSoto3 sig=p2layerSoto3 ant=p5layerSoto3
  Resuelta arista p1_tlayerSoto3: vertOrig=P2layerSoto3 pareja=p1layerSoto3 cara=ISLAlayerSoto3 sig=p5_tlayerSoto3 ant=p2_tlayerSoto3
  Resuelta arista p2layerSoto3: vertOrig=P2layerSoto3 pareja=p2_tlayerSoto3 cara=PUEBLOlayerSoto3 sig=p3layerSoto3 ant=p1layerSoto3
  Resuelta arista p2_tlayerSoto3: vertOrig=P3layerSoto3 pareja=p2layerSoto3 cara=ISLAlayerSoto3 sig=p1_tlayerSoto3 ant=p3_tlayerSoto3
  Resuelta arista p3layerSoto3: vertOrig=P3layerSoto3 pareja=p3_tlayerSoto3 cara=PUEBLOlayerSoto3 sig=p4layerSoto3 ant=p2layerSoto3
  Resuelta arista p3_tlayerSoto3: vertOrig=P4layerSoto3 pareja=p3layerSoto3 cara=ISLAlayerSoto3 sig=p2_tlayerSoto3 ant=p4_tlayerSoto3
  Resuelta arista p4layerSoto3: vertOrig=P4layerSoto3 pareja=p4_tlayerSoto3 cara=PUEBLOlayerSoto3 sig=p5layerSoto3 ant=p3layerSoto3
  Resuelta arista p4_tlayerSoto3: vertOrig=P5layerSoto3 pareja=p4layerSoto3 cara=ISLAlayerSoto3 sig=p3_tlayerSoto3 ant=p5_tlayerSoto3
  Resuelta arista p5layerSoto3: vertOrig=P5layerSoto3 pareja=p5_tlayerSoto3 cara=PUEBLOlayerSoto3 sig=p1layerSoto3 ant=p4layerSoto3
  Resuelta arista p5_tlayerSoto3: vertOrig=P1layerSoto3 pareja=p5layerSoto3 cara=ISLAlayerSoto3 sig=p4_tlayerSoto3 ant=p1_tlayerSoto3
  Resuelta arista s1layerSoto3: vertOrig=S1layerSoto3 pareja=s1_tlayerSoto3 cara=SABANAlayerSoto3 sig=s2layerSoto3 ant=s4layerSoto3
  Resuelta arista s1_tlayerSoto3: vertOrig=S2layerSoto3 pareja=s1layerSoto3 cara=ISLAlayerSoto3 sig=s4_tlayerSoto3 ant=s2_tlayerSoto3
  Resuelta arista s2layerSoto3: vertOrig=S2layerSoto3 pareja=s2_tlayerSoto3 cara=SABANAlayerSoto3 sig=s3layerSoto3 ant=s1layerSoto3
  Resuelta arista s2_tlayerSoto3: vertOrig=S3layerSoto3 pareja=s2layerSoto3 cara=ISLAlayerSoto3 sig=s1_tlayerSoto3 ant=s3_tlayerSoto3
  Resuelta arista s3layerSoto3: vertOrig=S3layerSoto3 pareja=s3_tlayerSoto3 cara=SABANAlayerSoto3 sig=s4layerSoto3 ant=s2layerSoto3
  Resuelta arista s3_tlayerSoto3: vertOrig=S4layerSoto3 pareja=s3layerSoto3 cara=ISLAlayerSoto3 sig=s2_tlayerSoto3 ant=s4_tlayerSoto3
  Resuelta arista s4layerSoto3: vertOrig=S4layerSoto3 pareja=s4_tlayerSoto3 cara=SABANAlayerSoto3 sig=s1layerSoto3 ant=s3layerSoto3
  Resuelta arista s4_tlayerSoto3: vertOrig=S1layerSoto3 pareja=s4layerSoto3 cara=ISLAlayerSoto3 sig=s3_tlayerSoto3 ant=s1_tlayerSoto3
  Vértice C1layerSoto3: incidente=c1layerSoto3
  Vértice C2layerSoto3: incidente=c2layerSoto3
  Vértice C3layerSoto3: incidente=c3layerSoto3
  Vértice C4layerSoto3: incidente=c4layerSoto3
  Vértice C5layerSoto3: incidente=c5layerSoto3
  Vértice C6layerSoto3: incidente=c6layerSoto3
  Vértice C7layerSoto3: incidente=c7layerSoto3
  Vértice C8layerSoto3: incidente=c8layerSoto3
  Vértice C9layerSoto3: incidente=c9layerSoto3
  Vértice C10layerSoto3: incidente=c10layerSoto3
  Vértice C11layerSoto3: incidente=c11layerSoto3
  Vértice C12layerSoto3: incidente=c12layerSoto3
  Vértice L1layerSoto3: incidente=l1layerSoto3
  Vértice L2layerSoto3: incidente=l2layerSoto3
  Vértice L3layerSoto3: incidente=l3layerSoto3
  Vértice L4layerSoto3: incidente=l4layerSoto3
  Vértice L5layerSoto3: incidente=l5layerSoto3
  Vértice I1layerSoto3: incidente=i1layerSoto3
  Vértice I2layerSoto3: incidente=i2layerSoto3
  Vértice I3layerSoto3: incidente=i3layerSoto3
  Vértice F1layerSoto3: incidente=f1layerSoto3
  Vértice F2layerSoto3: incidente=f2layerSoto3
  Vértice F3layerSoto3: incidente=f3layerSoto3
  Vértice F4layerSoto3: incidente=f4layerSoto3
  Vértice F5layerSoto3: incidente=f5layerSoto3
  Vértice M1layerSoto3: incidente=m1layerSoto3
  Vértice M2layerSoto3: incidente=m2layerSoto3
  Vértice M3layerSoto3: incidente=m3layerSoto3
  Vértice M4layerSoto3: incidente=m4layerSoto3
  Vértice M5layerSoto3: incidente=m5layerSoto3
  Vértice R1layerSoto3: incidente=r1layerSoto3
  Vértice R2layerSoto3: incidente=r2layerSoto3
  Vértice R3layerSoto3: incidente=r3layerSoto3
  Vértice R4layerSoto3: incidente=r4layerSoto3
  Vértice R5layerSoto3: incidente=r5layerSoto3
  Vértice R6layerSoto3: incidente=r6layerSoto3
  Vértice P1layerSoto3: incidente=p1layerSoto3
  Vértice P2layerSoto3: incidente=p2layerSoto3
  Vértice P3layerSoto3: incidente=p3layerSoto3
  Vértice P4layerSoto3: incidente=p4layerSoto3
  Vértice P5layerSoto3: incidente=p5layerSoto3
  Vértice S1layerSoto3: incidente=s1layerSoto3
  Vértice S2layerSoto3: incidente=s2layerSoto3
  Vértice S3layerSoto3: incidente=s3layerSoto3
  Vértice S4layerSoto3: incidente=s4layerSoto3
  Cara resuelta INFlayerSoto3: externo=None internos=['c1_tlayerSoto3']
  Cara resuelta ISLAlayerSoto3: externo=c1layerSoto3 internos=['l1_tlayerSoto3', 'f1_tlayerSoto3', 'm1_tlayerSoto3', 'r1_tlayerSoto3', 'p1_tlayerSoto3', 's1_tlayerSoto3']
  Cara resuelta LAGOlayerSoto3: externo=l1layerSoto3 internos=['i1_tlayerSoto3']
  Cara resuelta ISLOTElayerSoto3: externo=i1layerSoto3 internos=[]
  Cara resuelta BOSQUElayerSoto3: externo=f1layerSoto3 internos=[]
  Cara resuelta MONTElayerSoto3: externo=m1layerSoto3 internos=[]
  Cara resuelta RIOlayerSoto3: externo=r1layerSoto3 internos=[]
  Cara resuelta PUEBLOlayerSoto3: externo=p1layerSoto3 internos=[]
  Cara resuelta SABANAlayerSoto3: externo=s1layerSoto3 internos=[]
  Capa layerSoto3: 45 vértices, 90 aristas, 9 caras, 4 activas
  Segmento extraído: c1layerSoto3 de layerSoto3 (0.0,0.0)->(10.0,2.0)
  Segmento extraído: c2layerSoto3 de layerSoto3 (10.0,2.0)->(18.0,1.0)
  Segmento extraído: c3layerSoto3 de layerSoto3 (18.0,1.0)->(25.0,3.0)
  Segmento extraído: c4layerSoto3 de layerSoto3 (25.0,3.0)->(30.0,8.0)
  Segmento extraído: c5layerSoto3 de layerSoto3 (30.0,8.0)->(32.0,15.0)
  Segmento extraído: c6layerSoto3 de layerSoto3 (32.0,15.0)->(28.0,22.0)
  Segmento extraído: c7layerSoto3 de layerSoto3 (28.0,22.0)->(22.0,28.0)
  Segmento extraído: c8layerSoto3 de layerSoto3 (22.0,28.0)->(15.0,30.0)
  Segmento extraído: c9layerSoto3 de layerSoto3 (15.0,30.0)->(8.0,28.0)
  Segmento extraído: c10layerSoto3 de layerSoto3 (8.0,28.0)->(2.0,22.0)
  Segmento extraído: c11layerSoto3 de layerSoto3 (2.0,22.0)->(0.0,15.0)
  Segmento extraído: c12layerSoto3 de layerSoto3 (0.0,15.0)->(0.0,0.0)
  Segmento extraído: l1layerSoto3 de layerSoto3 (5.0,6.0)->(8.0,5.0)
  Segmento extraído: l2layerSoto3 de layerSoto3 (8.0,5.0)->(12.0,6.0)
  Segmento extraído: l3layerSoto3 de layerSoto3 (12.0,6.0)->(10.0,10.0)
  Segmento extraído: l4layerSoto3 de layerSoto3 (10.0,10.0)->(6.0,10.0)
  Segmento extraído: l5layerSoto3 de layerSoto3 (6.0,10.0)->(5.0,6.0)
  Segmento extraído: i1layerSoto3 de layerSoto3 (7.0,7.0)->(9.0,7.0)
  Segmento extraído: i2layerSoto3 de layerSoto3 (9.0,7.0)->(8.0,9.0)
  Segmento extraído: i3layerSoto3 de layerSoto3 (8.0,9.0)->(7.0,7.0)
  Segmento extraído: f1layerSoto3 de layerSoto3 (14.0,12.0)->(18.0,11.0)
  Segmento extraído: f2layerSoto3 de layerSoto3 (18.0,11.0)->(20.0,15.0)
  Segmento extraído: f3layerSoto3 de layerSoto3 (20.0,15.0)->(16.0,16.0)
  Segmento extraído: f4layerSoto3 de layerSoto3 (16.0,16.0)->(14.0,15.0)
  Segmento extraído: f5layerSoto3 de layerSoto3 (14.0,15.0)->(14.0,12.0)
  Segmento extraído: m1layerSoto3 de layerSoto3 (22.0,10.0)->(26.0,9.0)
  Segmento extraído: m2layerSoto3 de layerSoto3 (26.0,9.0)->(28.0,12.0)
  Segmento extraído: m3layerSoto3 de layerSoto3 (28.0,12.0)->(24.0,14.0)
  Segmento extraído: m4layerSoto3 de layerSoto3 (24.0,14.0)->(22.0,13.0)
  Segmento extraído: m5layerSoto3 de layerSoto3 (22.0,13.0)->(22.0,10.0)
  Segmento extraído: r1layerSoto3 de layerSoto3 (4.0,18.0)->(6.0,16.0)
  Segmento extraído: r2layerSoto3 de layerSoto3 (6.0,16.0)->(10.0,17.0)
  Segmento extraído: r3layerSoto3 de layerSoto3 (10.0,17.0)->(12.0,19.0)
  Segmento extraído: r4layerSoto3 de layerSoto3 (12.0,19.0)->(8.0,21.0)
  Segmento extraído: r5layerSoto3 de layerSoto3 (8.0,21.0)->(5.0,20.0)
  Segmento extraído: r6layerSoto3 de layerSoto3 (5.0,20.0)->(4.0,18.0)
  Segmento extraído: p1layerSoto3 de layerSoto3 (15.0,20.0)->(18.0,19.0)
  Segmento extraído: p2layerSoto3 de layerSoto3 (18.0,19.0)->(20.0,21.0)
  Segmento extraído: p3layerSoto3 de layerSoto3 (20.0,21.0)->(17.0,23.0)
  Segmento extraído: p4layerSoto3 de layerSoto3 (17.0,23.0)->(14.0,22.0)
  Segmento extraído: p5layerSoto3 de layerSoto3 (14.0,22.0)->(15.0,20.0)
  Segmento extraído: s1layerSoto3 de layerSoto3 (26.0,18.0)->(28.0,20.0)
  Segmento extraído: s2layerSoto3 de layerSoto3 (28.0,20.0)->(25.0,22.0)
  Segmento extraído: s3layerSoto3 de layerSoto3 (25.0,22.0)->(23.0,19.0)
  Segmento extraído: s4layerSoto3 de layerSoto3 (23.0,19.0)->(26.0,18.0)

Total de segmentos originales: 45

--- Detectando intersecciones ---
  Intersección entre c1layerSoto3 y c2layerSoto3: [(10.0, 2.0)]
  Intersección entre c1layerSoto3 y c12layerSoto3: [(0.0, 0.0)]
  Intersección entre c2layerSoto3 y c3layerSoto3: [(18.0, 1.0)]
  Intersección entre c3layerSoto3 y c4layerSoto3: [(25.0, 3.0)]
  Intersección entre c4layerSoto3 y c5layerSoto3: [(30.0, 8.0)]
  Intersección entre c5layerSoto3 y c6layerSoto3: [(32.0, 15.0)]
  Intersección entre c6layerSoto3 y c7layerSoto3: [(28.0, 22.0)]
  Intersección entre c7layerSoto3 y c8layerSoto3: [(22.0, 28.0)]
  Intersección entre c8layerSoto3 y c9layerSoto3: [(15.0, 30.0)]
  Intersección entre c9layerSoto3 y c10layerSoto3: [(8.0, 28.0)]
  Intersección entre c10layerSoto3 y c11layerSoto3: [(2.0, 22.0)]
  Intersección entre c11layerSoto3 y c12layerSoto3: [(0.0, 15.0)]
  Intersección entre l1layerSoto3 y l2layerSoto3: [(8.0, 5.0)]
  Intersección entre l1layerSoto3 y l5layerSoto3: [(5.0, 6.0)]
  Intersección entre l2layerSoto3 y l3layerSoto3: [(12.0, 6.0)]
  Intersección entre l3layerSoto3 y l4layerSoto3: [(10.0, 10.0)]
  Intersección entre l4layerSoto3 y l5layerSoto3: [(6.0, 10.0)]
  Intersección entre i1layerSoto3 y i2layerSoto3: [(9.0, 7.0)]
  Intersección entre i1layerSoto3 y i3layerSoto3: [(7.0, 7.0)]
  Intersección entre i2layerSoto3 y i3layerSoto3: [(8.0, 9.0)]
  Intersección entre f1layerSoto3 y f2layerSoto3: [(18.0, 11.0)]
  Intersección entre f1layerSoto3 y f5layerSoto3: [(14.0, 12.0)]
  Intersección entre f2layerSoto3 y f3layerSoto3: [(20.0, 15.0)]
  Intersección entre f3layerSoto3 y f4layerSoto3: [(16.0, 16.0)]
  Intersección entre f4layerSoto3 y f5layerSoto3: [(14.0, 15.0)]
  Intersección entre m1layerSoto3 y m2layerSoto3: [(26.0, 9.0)]
  Intersección entre m1layerSoto3 y m5layerSoto3: [(22.0, 10.0)]
  Intersección entre m2layerSoto3 y m3layerSoto3: [(28.0, 12.0)]
  Intersección entre m3layerSoto3 y m4layerSoto3: [(24.0, 14.0)]
  Intersección entre m4layerSoto3 y m5layerSoto3: [(22.0, 13.0)]
  Intersección entre r1layerSoto3 y r2layerSoto3: [(6.0, 16.0)]
  Intersección entre r1layerSoto3 y r6layerSoto3: [(4.0, 18.0)]
  Intersección entre r2layerSoto3 y r3layerSoto3: [(10.0, 17.0)]
  Intersección entre r3layerSoto3 y r4layerSoto3: [(12.0, 19.0)]
  Intersección entre r4layerSoto3 y r5layerSoto3: [(8.0, 21.0)]
  Intersección entre r5layerSoto3 y r6layerSoto3: [(5.0, 20.0)]
  Intersección entre p1layerSoto3 y p2layerSoto3: [(18.0, 19.0)]
  Intersección entre p1layerSoto3 y p5layerSoto3: [(15.0, 20.0)]
  Intersección entre p2layerSoto3 y p3layerSoto3: [(20.0, 21.0)]
  Intersección entre p3layerSoto3 y p4layerSoto3: [(17.0, 23.0)]
  Intersección entre p4layerSoto3 y p5layerSoto3: [(14.0, 22.0)]
  Intersección entre s1layerSoto3 y s2layerSoto3: [(28.0, 20.0)]
  Intersección entre s1layerSoto3 y s4layerSoto3: [(26.0, 18.0)]
  Intersección entre s2layerSoto3 y s3layerSoto3: [(25.0, 22.0)]
  Intersección entre s3layerSoto3 y s4layerSoto3: [(23.0, 19.0)]

--- Partiendo segmentos ---
  Segmento c1layerSoto3 partido en 1 subsegmentos: puntos=[(0.0, 0.0), (10.0, 2.0)]
    Subsegmento g0 (0.0,0.0)->(10.0,2.0) layer=layerSoto3
  Segmento c2layerSoto3 partido en 1 subsegmentos: puntos=[(10.0, 2.0), (18.0, 1.0)]
    Subsegmento g1 (10.0,2.0)->(18.0,1.0) layer=layerSoto3
  Segmento c3layerSoto3 partido en 1 subsegmentos: puntos=[(18.0, 1.0), (25.0, 3.0)]
    Subsegmento g2 (18.0,1.0)->(25.0,3.0) layer=layerSoto3
  Segmento c4layerSoto3 partido en 1 subsegmentos: puntos=[(25.0, 3.0), (30.0, 8.0)]
    Subsegmento g3 (25.0,3.0)->(30.0,8.0) layer=layerSoto3
  Segmento c5layerSoto3 partido en 1 subsegmentos: puntos=[(30.0, 8.0), (32.0, 15.0)]
    Subsegmento g4 (30.0,8.0)->(32.0,15.0) layer=layerSoto3
  Segmento c6layerSoto3 partido en 1 subsegmentos: puntos=[(32.0, 15.0), (28.0, 22.0)]
    Subsegmento g5 (32.0,15.0)->(28.0,22.0) layer=layerSoto3
  Segmento c7layerSoto3 partido en 1 subsegmentos: puntos=[(28.0, 22.0), (22.0, 28.0)]
    Subsegmento g6 (28.0,22.0)->(22.0,28.0) layer=layerSoto3
  Segmento c8layerSoto3 partido en 1 subsegmentos: puntos=[(22.0, 28.0), (15.0, 30.0)]
    Subsegmento g7 (22.0,28.0)->(15.0,30.0) layer=layerSoto3
  Segmento c9layerSoto3 partido en 1 subsegmentos: puntos=[(15.0, 30.0), (8.0, 28.0)]
    Subsegmento g8 (15.0,30.0)->(8.0,28.0) layer=layerSoto3
  Segmento c10layerSoto3 partido en 1 subsegmentos: puntos=[(8.0, 28.0), (2.0, 22.0)]
    Subsegmento g9 (8.0,28.0)->(2.0,22.0) layer=layerSoto3
  Segmento c11layerSoto3 partido en 1 subsegmentos: puntos=[(2.0, 22.0), (0.0, 15.0)]
    Subsegmento g10 (2.0,22.0)->(0.0,15.0) layer=layerSoto3
  Segmento c12layerSoto3 partido en 1 subsegmentos: puntos=[(0.0, 15.0), (0.0, 0.0)]
    Subsegmento g11 (0.0,15.0)->(0.0,0.0) layer=layerSoto3
  Segmento l1layerSoto3 partido en 1 subsegmentos: puntos=[(5.0, 6.0), (8.0, 5.0)]
    Subsegmento g12 (5.0,6.0)->(8.0,5.0) layer=layerSoto3
  Segmento l2layerSoto3 partido en 1 subsegmentos: puntos=[(8.0, 5.0), (12.0, 6.0)]
    Subsegmento g13 (8.0,5.0)->(12.0,6.0) layer=layerSoto3
  Segmento l3layerSoto3 partido en 1 subsegmentos: puntos=[(12.0, 6.0), (10.0, 10.0)]
    Subsegmento g14 (12.0,6.0)->(10.0,10.0) layer=layerSoto3
  Segmento l4layerSoto3 partido en 1 subsegmentos: puntos=[(10.0, 10.0), (6.0, 10.0)]
    Subsegmento g15 (10.0,10.0)->(6.0,10.0) layer=layerSoto3
  Segmento l5layerSoto3 partido en 1 subsegmentos: puntos=[(6.0, 10.0), (5.0, 6.0)]
    Subsegmento g16 (6.0,10.0)->(5.0,6.0) layer=layerSoto3
  Segmento i1layerSoto3 partido en 1 subsegmentos: puntos=[(7.0, 7.0), (9.0, 7.0)]
    Subsegmento g17 (7.0,7.0)->(9.0,7.0) layer=layerSoto3
  Segmento i2layerSoto3 partido en 1 subsegmentos: puntos=[(9.0, 7.0), (8.0, 9.0)]
    Subsegmento g18 (9.0,7.0)->(8.0,9.0) layer=layerSoto3
  Segmento i3layerSoto3 partido en 1 subsegmentos: puntos=[(8.0, 9.0), (7.0, 7.0)]
    Subsegmento g19 (8.0,9.0)->(7.0,7.0) layer=layerSoto3
  Segmento f1layerSoto3 partido en 1 subsegmentos: puntos=[(14.0, 12.0), (18.0, 11.0)]
    Subsegmento g20 (14.0,12.0)->(18.0,11.0) layer=layerSoto3
  Segmento f2layerSoto3 partido en 1 subsegmentos: puntos=[(18.0, 11.0), (20.0, 15.0)]
    Subsegmento g21 (18.0,11.0)->(20.0,15.0) layer=layerSoto3
  Segmento f3layerSoto3 partido en 1 subsegmentos: puntos=[(20.0, 15.0), (16.0, 16.0)]
    Subsegmento g22 (20.0,15.0)->(16.0,16.0) layer=layerSoto3
  Segmento f4layerSoto3 partido en 1 subsegmentos: puntos=[(16.0, 16.0), (14.0, 15.0)]
    Subsegmento g23 (16.0,16.0)->(14.0,15.0) layer=layerSoto3
  Segmento f5layerSoto3 partido en 1 subsegmentos: puntos=[(14.0, 15.0), (14.0, 12.0)]
    Subsegmento g24 (14.0,15.0)->(14.0,12.0) layer=layerSoto3
  Segmento m1layerSoto3 partido en 1 subsegmentos: puntos=[(22.0, 10.0), (26.0, 9.0)]
    Subsegmento g25 (22.0,10.0)->(26.0,9.0) layer=layerSoto3
  Segmento m2layerSoto3 partido en 1 subsegmentos: puntos=[(26.0, 9.0), (28.0, 12.0)]
    Subsegmento g26 (26.0,9.0)->(28.0,12.0) layer=layerSoto3
  Segmento m3layerSoto3 partido en 1 subsegmentos: puntos=[(28.0, 12.0), (24.0, 14.0)]
    Subsegmento g27 (28.0,12.0)->(24.0,14.0) layer=layerSoto3
  Segmento m4layerSoto3 partido en 1 subsegmentos: puntos=[(24.0, 14.0), (22.0, 13.0)]
    Subsegmento g28 (24.0,14.0)->(22.0,13.0) layer=layerSoto3
  Segmento m5layerSoto3 partido en 1 subsegmentos: puntos=[(22.0, 13.0), (22.0, 10.0)]
    Subsegmento g29 (22.0,13.0)->(22.0,10.0) layer=layerSoto3
  Segmento r1layerSoto3 partido en 1 subsegmentos: puntos=[(4.0, 18.0), (6.0, 16.0)]
    Subsegmento g30 (4.0,18.0)->(6.0,16.0) layer=layerSoto3
  Segmento r2layerSoto3 partido en 1 subsegmentos: puntos=[(6.0, 16.0), (10.0, 17.0)]
    Subsegmento g31 (6.0,16.0)->(10.0,17.0) layer=layerSoto3
  Segmento r3layerSoto3 partido en 1 subsegmentos: puntos=[(10.0, 17.0), (12.0, 19.0)]
    Subsegmento g32 (10.0,17.0)->(12.0,19.0) layer=layerSoto3
  Segmento r4layerSoto3 partido en 1 subsegmentos: puntos=[(12.0, 19.0), (8.0, 21.0)]
    Subsegmento g33 (12.0,19.0)->(8.0,21.0) layer=layerSoto3
  Segmento r5layerSoto3 partido en 1 subsegmentos: puntos=[(8.0, 21.0), (5.0, 20.0)]
    Subsegmento g34 (8.0,21.0)->(5.0,20.0) layer=layerSoto3
  Segmento r6layerSoto3 partido en 1 subsegmentos: puntos=[(5.0, 20.0), (4.0, 18.0)]
    Subsegmento g35 (5.0,20.0)->(4.0,18.0) layer=layerSoto3
  Segmento p1layerSoto3 partido en 1 subsegmentos: puntos=[(15.0, 20.0), (18.0, 19.0)]
    Subsegmento g36 (15.0,20.0)->(18.0,19.0) layer=layerSoto3
  Segmento p2layerSoto3 partido en 1 subsegmentos: puntos=[(18.0, 19.0), (20.0, 21.0)]
    Subsegmento g37 (18.0,19.0)->(20.0,21.0) layer=layerSoto3
  Segmento p3layerSoto3 partido en 1 subsegmentos: puntos=[(20.0, 21.0), (17.0, 23.0)]
    Subsegmento g38 (20.0,21.0)->(17.0,23.0) layer=layerSoto3
  Segmento p4layerSoto3 partido en 1 subsegmentos: puntos=[(17.0, 23.0), (14.0, 22.0)]
    Subsegmento g39 (17.0,23.0)->(14.0,22.0) layer=layerSoto3
  Segmento p5layerSoto3 partido en 1 subsegmentos: puntos=[(14.0, 22.0), (15.0, 20.0)]
    Subsegmento g40 (14.0,22.0)->(15.0,20.0) layer=layerSoto3
  Segmento s1layerSoto3 partido en 1 subsegmentos: puntos=[(26.0, 18.0), (28.0, 20.0)]
    Subsegmento g41 (26.0,18.0)->(28.0,20.0) layer=layerSoto3
  Segmento s2layerSoto3 partido en 1 subsegmentos: puntos=[(28.0, 20.0), (25.0, 22.0)]
    Subsegmento g42 (28.0,20.0)->(25.0,22.0) layer=layerSoto3
  Segmento s3layerSoto3 partido en 1 subsegmentos: puntos=[(25.0, 22.0), (23.0, 19.0)]
    Subsegmento g43 (25.0,22.0)->(23.0,19.0) layer=layerSoto3
  Segmento s4layerSoto3 partido en 1 subsegmentos: puntos=[(23.0, 19.0), (26.0, 18.0)]
    Subsegmento g44 (23.0,19.0)->(26.0,18.0) layer=layerSoto3

--- Creando vértices a partir de nuevos segmentos ---
  Nuevo vértice: p1 (0.0,0.0)
  Nuevo vértice: p2 (10.0,2.0)
  Nuevo vértice: p3 (18.0,1.0)
  Nuevo vértice: p4 (25.0,3.0)
  Nuevo vértice: p5 (30.0,8.0)
  Nuevo vértice: p6 (32.0,15.0)
  Nuevo vértice: p7 (28.0,22.0)
  Nuevo vértice: p8 (22.0,28.0)
  Nuevo vértice: p9 (15.0,30.0)
  Nuevo vértice: p10 (8.0,28.0)
  Nuevo vértice: p11 (2.0,22.0)
  Nuevo vértice: p12 (0.0,15.0)
  Nuevo vértice: p13 (8.0,5.0)
  Nuevo vértice: p14 (5.0,6.0)
  Nuevo vértice: p15 (12.0,6.0)
  Nuevo vértice: p16 (10.0,10.0)
  Nuevo vértice: p17 (6.0,10.0)
  Nuevo vértice: p18 (7.0,7.0)
  Nuevo vértice: p19 (9.0,7.0)
  Nuevo vértice: p20 (8.0,9.0)
  Nuevo vértice: p21 (26.0,9.0)
  Nuevo vértice: p22 (22.0,10.0)
  Nuevo vértice: p23 (18.0,11.0)
  Nuevo vértice: p24 (14.0,12.0)
  Nuevo vértice: p25 (20.0,15.0)
  Nuevo vértice: p26 (16.0,16.0)
  Nuevo vértice: p27 (14.0,15.0)
  Nuevo vértice: p28 (28.0,12.0)
  Nuevo vértice: p29 (24.0,14.0)
  Nuevo vértice: p30 (22.0,13.0)
  Nuevo vértice: p31 (6.0,16.0)
  Nuevo vértice: p32 (4.0,18.0)
  Nuevo vértice: p33 (10.0,17.0)
  Nuevo vértice: p34 (12.0,19.0)
  Nuevo vértice: p35 (8.0,21.0)
  Nuevo vértice: p36 (5.0,20.0)
  Nuevo vértice: p37 (18.0,19.0)
  Nuevo vértice: p38 (15.0,20.0)
  Nuevo vértice: p39 (20.0,21.0)
  Nuevo vértice: p40 (17.0,23.0)
  Nuevo vértice: p41 (14.0,22.0)
  Nuevo vértice: p42 (26.0,18.0)
  Nuevo vértice: p43 (28.0,20.0)
  Nuevo vértice: p44 (25.0,22.0)
  Nuevo vértice: p45 (23.0,19.0)

--- Creando vértices a partir de nuevos segmentos ---
  Nuevo vértice: p1 (0.0,0.0)
  Nuevo vértice: p2 (10.0,2.0)
  Nuevo vértice: p3 (18.0,1.0)
  Nuevo vértice: p4 (25.0,3.0)
  Nuevo vértice: p5 (30.0,8.0)
  Nuevo vértice: p6 (32.0,15.0)
  Nuevo vértice: p7 (28.0,22.0)
  Nuevo vértice: p8 (22.0,28.0)
  Nuevo vértice: p9 (15.0,30.0)
  Nuevo vértice: p10 (8.0,28.0)
  Nuevo vértice: p11 (2.0,22.0)
  Nuevo vértice: p12 (0.0,15.0)
  Nuevo vértice: p13 (8.0,5.0)
  Nuevo vértice: p14 (5.0,6.0)
  Nuevo vértice: p15 (12.0,6.0)
  Nuevo vértice: p16 (10.0,10.0)
  Nuevo vértice: p17 (6.0,10.0)
  Nuevo vértice: p18 (7.0,7.0)
  Nuevo vértice: p19 (9.0,7.0)
  Nuevo vértice: p20 (8.0,9.0)
  Nuevo vértice: p21 (26.0,9.0)
  Nuevo vértice: p22 (22.0,10.0)
  Nuevo vértice: p23 (18.0,11.0)
  Nuevo vértice: p24 (14.0,12.0)
  Nuevo vértice: p25 (20.0,15.0)
  Nuevo vértice: p26 (16.0,16.0)
  Nuevo vértice: p27 (14.0,15.0)
  Nuevo vértice: p28 (28.0,12.0)
  Nuevo vértice: p29 (24.0,14.0)
  Nuevo vértice: p30 (22.0,13.0)
  Nuevo vértice: p31 (6.0,16.0)
  Nuevo vértice: p32 (4.0,18.0)
  Nuevo vértice: p33 (10.0,17.0)
  Nuevo vértice: p34 (12.0,19.0)
  Nuevo vértice: p35 (8.0,21.0)
  Nuevo vértice: p36 (5.0,20.0)
  Nuevo vértice: p37 (18.0,19.0)
  Nuevo vértice: p38 (15.0,20.0)
  Nuevo vértice: p39 (20.0,21.0)
  Nuevo vértice: p40 (17.0,23.0)
  Nuevo vértice: p41 (14.0,22.0)
  Nuevo vértice: p42 (26.0,18.0)
  Nuevo vértice: p43 (28.0,20.0)
  Nuevo vértice: p44 (25.0,22.0)
  Nuevo vértice: p45 (23.0,19.0)

--- Creando half-edges ---
  Half-edges: s1 (de p1 a p2) y s2 (de p2 a p1)
  Half-edges: s3 (de p3 a p2) y s4 (de p2 a p3)
  Half-edges: s5 (de p3 a p4) y s6 (de p4 a p3)
  Half-edges: s7 (de p4 a p5) y s8 (de p5 a p4)
  Half-edges: s9 (de p5 a p6) y s10 (de p6 a p5)
  Half-edges: s11 (de p7 a p6) y s12 (de p6 a p7)
  Half-edges: s13 (de p7 a p8) y s14 (de p8 a p7)
  Half-edges: s15 (de p8 a p9) y s16 (de p9 a p8)
  Half-edges: s17 (de p10 a p9) y s18 (de p9 a p10)
  Half-edges: s19 (de p11 a p10) y s20 (de p10 a p11)
  Half-edges: s21 (de p12 a p11) y s22 (de p11 a p12)
  Half-edges: s23 (de p12 a p1) y s24 (de p1 a p12)
  Half-edges: s25 (de p13 a p14) y s26 (de p14 a p13)
  Half-edges: s27 (de p13 a p15) y s28 (de p15 a p13)
  Half-edges: s29 (de p16 a p15) y s30 (de p15 a p16)
  Half-edges: s31 (de p16 a p17) y s32 (de p17 a p16)
  Half-edges: s33 (de p14 a p17) y s34 (de p17 a p14)
  Half-edges: s35 (de p18 a p19) y s36 (de p19 a p18)
  Half-edges: s37 (de p20 a p19) y s38 (de p19 a p20)
  Half-edges: s39 (de p18 a p20) y s40 (de p20 a p18)
  Half-edges: s41 (de p21 a p22) y s42 (de p22 a p21)
  Half-edges: s43 (de p22 a p23) y s44 (de p23 a p22)
  Half-edges: s45 (de p23 a p24) y s46 (de p24 a p23)
  Half-edges: s47 (de p23 a p25) y s48 (de p25 a p23)
  Half-edges: s49 (de p25 a p26) y s50 (de p26 a p25)
  Half-edges: s51 (de p27 a p26) y s52 (de p26 a p27)
  Half-edges: s53 (de p27 a p24) y s54 (de p24 a p27)
  Half-edges: s55 (de p21 a p28) y s56 (de p28 a p21)
  Half-edges: s57 (de p28 a p29) y s58 (de p29 a p28)
  Half-edges: s59 (de p30 a p29) y s60 (de p29 a p30)
  Half-edges: s61 (de p30 a p22) y s62 (de p22 a p30)
  Half-edges: s63 (de p31 a p32) y s64 (de p32 a p31)
  Half-edges: s65 (de p31 a p33) y s66 (de p33 a p31)
  Half-edges: s67 (de p33 a p34) y s68 (de p34 a p33)
  Half-edges: s69 (de p34 a p35) y s70 (de p35 a p34)
  Half-edges: s71 (de p36 a p35) y s72 (de p35 a p36)
  Half-edges: s73 (de p32 a p36) y s74 (de p36 a p32)
  Half-edges: s75 (de p37 a p38) y s76 (de p38 a p37)
  Half-edges: s77 (de p37 a p39) y s78 (de p39 a p37)
  Half-edges: s79 (de p39 a p40) y s80 (de p40 a p39)
  Half-edges: s81 (de p41 a p40) y s82 (de p40 a p41)
  Half-edges: s83 (de p41 a p38) y s84 (de p38 a p41)
  Half-edges: s85 (de p42 a p43) y s86 (de p43 a p42)
  Half-edges: s87 (de p43 a p44) y s88 (de p44 a p43)
  Half-edges: s89 (de p45 a p44) y s90 (de p44 a p45)
  Half-edges: s91 (de p42 a p45) y s92 (de p45 a p42)

--- Conectando half-edges (siguiente/anterior) ---
  Vértice p1: aristas incidentes ordenadas: ['s1', 's24']
  Vértice p2: aristas incidentes ordenadas: ['s2', 's4']
  Vértice p3: aristas incidentes ordenadas: ['s5', 's3']
  Vértice p4: aristas incidentes ordenadas: ['s6', 's7']
  Vértice p5: aristas incidentes ordenadas: ['s8', 's9']
  Vértice p6: aristas incidentes ordenadas: ['s10', 's12']
  Vértice p7: aristas incidentes ordenadas: ['s11', 's13']
  Vértice p8: aristas incidentes ordenadas: ['s14', 's15']
  Vértice p9: aristas incidentes ordenadas: ['s18', 's16']
  Vértice p10: aristas incidentes ordenadas: ['s20', 's17']
  Vértice p11: aristas incidentes ordenadas: ['s22', 's19']
  Vértice p12: aristas incidentes ordenadas: ['s23', 's21']
  Vértice p13: aristas incidentes ordenadas: ['s27', 's25']
  Vértice p14: aristas incidentes ordenadas: ['s26', 's33']
  Vértice p15: aristas incidentes ordenadas: ['s28', 's30']
  Vértice p16: aristas incidentes ordenadas: ['s29', 's31']
  Vértice p17: aristas incidentes ordenadas: ['s34', 's32']
  Vértice p18: aristas incidentes ordenadas: ['s35', 's39']
  Vértice p19: aristas incidentes ordenadas: ['s38', 's36']
  Vértice p20: aristas incidentes ordenadas: ['s40', 's37']
  Vértice p21: aristas incidentes ordenadas: ['s55', 's41']
  Vértice p22: aristas incidentes ordenadas: ['s42', 's62', 's43']
  Vértice p23: aristas incidentes ordenadas: ['s44', 's47', 's45']
  Vértice p24: aristas incidentes ordenadas: ['s46', 's54']
  Vértice p25: aristas incidentes ordenadas: ['s48', 's49']
  Vértice p26: aristas incidentes ordenadas: ['s52', 's50']
  Vértice p27: aristas incidentes ordenadas: ['s53', 's51']
  Vértice p28: aristas incidentes ordenadas: ['s56', 's57']
  Vértice p29: aristas incidentes ordenadas: ['s60', 's58']
  Vértice p30: aristas incidentes ordenadas: ['s61', 's59']
  Vértice p31: aristas incidentes ordenadas: ['s65', 's63']
  Vértice p32: aristas incidentes ordenadas: ['s64', 's73']
  Vértice p33: aristas incidentes ordenadas: ['s66', 's67']
  Vértice p34: aristas incidentes ordenadas: ['s68', 's69']
  Vértice p35: aristas incidentes ordenadas: ['s72', 's70']
  Vértice p36: aristas incidentes ordenadas: ['s74', 's71']
  Vértice p37: aristas incidentes ordenadas: ['s77', 's75']
  Vértice p38: aristas incidentes ordenadas: ['s76', 's84']
  Vértice p39: aristas incidentes ordenadas: ['s78', 's79']
  Vértice p40: aristas incidentes ordenadas: ['s82', 's80']
  Vértice p41: aristas incidentes ordenadas: ['s83', 's81']
  Vértice p42: aristas incidentes ordenadas: ['s85', 's91']
  Vértice p43: aristas incidentes ordenadas: ['s86', 's87']
  Vértice p44: aristas incidentes ordenadas: ['s90', 's88']
  Vértice p45: aristas incidentes ordenadas: ['s92', 's89']
    Enlace: s2.siguiente = s24, s24.anterior = s2
    Enlace: s23.siguiente = s1, s1.anterior = s23
    Enlace: s1.siguiente = s4, s4.anterior = s1
    Enlace: s3.siguiente = s2, s2.anterior = s3
    Enlace: s6.siguiente = s3, s3.anterior = s6
    Enlace: s4.siguiente = s5, s5.anterior = s4
    Enlace: s5.siguiente = s7, s7.anterior = s5
    Enlace: s8.siguiente = s6, s6.anterior = s8
    Enlace: s7.siguiente = s9, s9.anterior = s7
    Enlace: s10.siguiente = s8, s8.anterior = s10
    Enlace: s9.siguiente = s12, s12.anterior = s9
    Enlace: s11.siguiente = s10, s10.anterior = s11
    Enlace: s12.siguiente = s13, s13.anterior = s12
    Enlace: s14.siguiente = s11, s11.anterior = s14
    Enlace: s13.siguiente = s15, s15.anterior = s13
    Enlace: s16.siguiente = s14, s14.anterior = s16
    Enlace: s17.siguiente = s16, s16.anterior = s17
    Enlace: s15.siguiente = s18, s18.anterior = s15
    Enlace: s19.siguiente = s17, s17.anterior = s19
    Enlace: s18.siguiente = s20, s20.anterior = s18
    Enlace: s21.siguiente = s19, s19.anterior = s21
    Enlace: s20.siguiente = s22, s22.anterior = s20
    Enlace: s24.siguiente = s21, s21.anterior = s24
    Enlace: s22.siguiente = s23, s23.anterior = s22
    Enlace: s28.siguiente = s25, s25.anterior = s28
    Enlace: s26.siguiente = s27, s27.anterior = s26
    Enlace: s25.siguiente = s33, s33.anterior = s25
    Enlace: s34.siguiente = s26, s26.anterior = s34
    Enlace: s27.siguiente = s30, s30.anterior = s27
    Enlace: s29.siguiente = s28, s28.anterior = s29
    Enlace: s30.siguiente = s31, s31.anterior = s30
    Enlace: s32.siguiente = s29, s29.anterior = s32
    Enlace: s33.siguiente = s32, s32.anterior = s33
    Enlace: s31.siguiente = s34, s34.anterior = s31
    Enlace: s36.siguiente = s39, s39.anterior = s36
    Enlace: s40.siguiente = s35, s35.anterior = s40
    Enlace: s37.siguiente = s36, s36.anterior = s37
    Enlace: s35.siguiente = s38, s38.anterior = s35
    Enlace: s39.siguiente = s37, s37.anterior = s39
    Enlace: s38.siguiente = s40, s40.anterior = s38
    Enlace: s56.siguiente = s41, s41.anterior = s56
    Enlace: s42.siguiente = s55, s55.anterior = s42
    Enlace: s41.siguiente = s43, s43.anterior = s41
    Enlace: s61.siguiente = s42, s42.anterior = s61
    Enlace: s44.siguiente = s62, s62.anterior = s44
    Enlace: s43.siguiente = s45, s45.anterior = s43
    Enlace: s48.siguiente = s44, s44.anterior = s48
    Enlace: s46.siguiente = s47, s47.anterior = s46
    Enlace: s45.siguiente = s54, s54.anterior = s45
    Enlace: s53.siguiente = s46, s46.anterior = s53
    Enlace: s47.siguiente = s49, s49.anterior = s47
    Enlace: s50.siguiente = s48, s48.anterior = s50
    Enlace: s51.siguiente = s50, s50.anterior = s51
    Enlace: s49.siguiente = s52, s52.anterior = s49
    Enlace: s54.siguiente = s51, s51.anterior = s54
    Enlace: s52.siguiente = s53, s53.anterior = s52
    Enlace: s55.siguiente = s57, s57.anterior = s55
    Enlace: s58.siguiente = s56, s56.anterior = s58
    Enlace: s59.siguiente = s58, s58.anterior = s59
    Enlace: s57.siguiente = s60, s60.anterior = s57
    Enlace: s62.siguiente = s59, s59.anterior = s62
    Enlace: s60.siguiente = s61, s61.anterior = s60
    Enlace: s66.siguiente = s63, s63.anterior = s66
    Enlace: s64.siguiente = s65, s65.anterior = s64
    Enlace: s63.siguiente = s73, s73.anterior = s63
    Enlace: s74.siguiente = s64, s64.anterior = s74
    Enlace: s65.siguiente = s67, s67.anterior = s65
    Enlace: s68.siguiente = s66, s66.anterior = s68
    Enlace: s67.siguiente = s69, s69.anterior = s67
    Enlace: s70.siguiente = s68, s68.anterior = s70
    Enlace: s71.siguiente = s70, s70.anterior = s71
    Enlace: s69.siguiente = s72, s72.anterior = s69
    Enlace: s73.siguiente = s71, s71.anterior = s73
    Enlace: s72.siguiente = s74, s74.anterior = s72
    Enlace: s78.siguiente = s75, s75.anterior = s78
    Enlace: s76.siguiente = s77, s77.anterior = s76
    Enlace: s75.siguiente = s84, s84.anterior = s75
    Enlace: s83.siguiente = s76, s76.anterior = s83
    Enlace: s77.siguiente = s79, s79.anterior = s77
    Enlace: s80.siguiente = s78, s78.anterior = s80
    Enlace: s81.siguiente = s80, s80.anterior = s81
    Enlace: s79.siguiente = s82, s82.anterior = s79
    Enlace: s84.siguiente = s81, s81.anterior = s84
    Enlace: s82.siguiente = s83, s83.anterior = s82
    Enlace: s86.siguiente = s91, s91.anterior = s86
    Enlace: s92.siguiente = s85, s85.anterior = s92
    Enlace: s85.siguiente = s87, s87.anterior = s85
    Enlace: s88.siguiente = s86, s86.anterior = s88
    Enlace: s89.siguiente = s88, s88.anterior = s89
    Enlace: s87.siguiente = s90, s90.anterior = s87
    Enlace: s91.siguiente = s89, s89.anterior = s91
    Enlace: s90.siguiente = s92, s92.anterior = s90

--- Formando caras (ciclos) ---
  Iniciando ciclo desde s1
    Añadida s1 (0.0,0.0), siguiente=s4
    Añadida s4 (10.0,2.0), siguiente=s5
    Añadida s5 (18.0,1.0), siguiente=s7
    Añadida s7 (25.0,3.0), siguiente=s9
    Añadida s9 (30.0,8.0), siguiente=s12
    Añadida s12 (32.0,15.0), siguiente=s13
    Añadida s13 (28.0,22.0), siguiente=s15
    Añadida s15 (22.0,28.0), siguiente=s18
    Añadida s18 (15.0,30.0), siguiente=s20
    Añadida s20 (8.0,28.0), siguiente=s22
    Añadida s22 (2.0,22.0), siguiente=s23
    Añadida s23 (0.0,15.0), siguiente=s1
  Ciclo cerrado con 12 aristas, área=730.5
  Cara creada: f1
  Iniciando ciclo desde s2
    Añadida s2 (10.0,2.0), siguiente=s24
    Añadida s24 (0.0,0.0), siguiente=s21
    Añadida s21 (0.0,15.0), siguiente=s19
    Añadida s19 (2.0,22.0), siguiente=s17
    Añadida s17 (8.0,28.0), siguiente=s16
    Añadida s16 (15.0,30.0), siguiente=s14
    Añadida s14 (22.0,28.0), siguiente=s11
    Añadida s11 (28.0,22.0), siguiente=s10
    Añadida s10 (32.0,15.0), siguiente=s8
    Añadida s8 (30.0,8.0), siguiente=s6
    Añadida s6 (25.0,3.0), siguiente=s3
    Añadida s3 (18.0,1.0), siguiente=s2
  Ciclo cerrado con 12 aristas, área=-730.5
  Área <= 0 -> ignorado
  Iniciando ciclo desde s3
    Añadida s3 (18.0,1.0), siguiente=s2
    Añadida s2 (10.0,2.0), siguiente=s24
    Añadida s24 (0.0,0.0), siguiente=s21
    Añadida s21 (0.0,15.0), siguiente=s19
    Añadida s19 (2.0,22.0), siguiente=s17
    Añadida s17 (8.0,28.0), siguiente=s16
    Añadida s16 (15.0,30.0), siguiente=s14
    Añadida s14 (22.0,28.0), siguiente=s11
    Añadida s11 (28.0,22.0), siguiente=s10
    Añadida s10 (32.0,15.0), siguiente=s8
    Añadida s8 (30.0,8.0), siguiente=s6
    Añadida s6 (25.0,3.0), siguiente=s3
  Ciclo cerrado con 12 aristas, área=-730.5
  Área <= 0 -> ignorado
  Iniciando ciclo desde s6
    Añadida s6 (25.0,3.0), siguiente=s3
    Añadida s3 (18.0,1.0), siguiente=s2
    Añadida s2 (10.0,2.0), siguiente=s24
    Añadida s24 (0.0,0.0), siguiente=s21
    Añadida s21 (0.0,15.0), siguiente=s19
    Añadida s19 (2.0,22.0), siguiente=s17
    Añadida s17 (8.0,28.0), siguiente=s16
    Añadida s16 (15.0,30.0), siguiente=s14
    Añadida s14 (22.0,28.0), siguiente=s11
    Añadida s11 (28.0,22.0), siguiente=s10
    Añadida s10 (32.0,15.0), siguiente=s8
    Añadida s8 (30.0,8.0), siguiente=s6
  Ciclo cerrado con 12 aristas, área=-730.5
  Área <= 0 -> ignorado
  Iniciando ciclo desde s8
    Añadida s8 (30.0,8.0), siguiente=s6
    Añadida s6 (25.0,3.0), siguiente=s3
    Añadida s3 (18.0,1.0), siguiente=s2
    Añadida s2 (10.0,2.0), siguiente=s24
    Añadida s24 (0.0,0.0), siguiente=s21
    Añadida s21 (0.0,15.0), siguiente=s19
    Añadida s19 (2.0,22.0), siguiente=s17
    Añadida s17 (8.0,28.0), siguiente=s16
    Añadida s16 (15.0,30.0), siguiente=s14
    Añadida s14 (22.0,28.0), siguiente=s11
    Añadida s11 (28.0,22.0), siguiente=s10
    Añadida s10 (32.0,15.0), siguiente=s8
  Ciclo cerrado con 12 aristas, área=-730.5
  Área <= 0 -> ignorado
  Iniciando ciclo desde s10
    Añadida s10 (32.0,15.0), siguiente=s8
    Añadida s8 (30.0,8.0), siguiente=s6
    Añadida s6 (25.0,3.0), siguiente=s3
    Añadida s3 (18.0,1.0), siguiente=s2
    Añadida s2 (10.0,2.0), siguiente=s24
    Añadida s24 (0.0,0.0), siguiente=s21
    Añadida s21 (0.0,15.0), siguiente=s19
    Añadida s19 (2.0,22.0), siguiente=s17
    Añadida s17 (8.0,28.0), siguiente=s16
    Añadida s16 (15.0,30.0), siguiente=s14
    Añadida s14 (22.0,28.0), siguiente=s11
    Añadida s11 (28.0,22.0), siguiente=s10
  Ciclo cerrado con 12 aristas, área=-730.5
  Área <= 0 -> ignorado
  Iniciando ciclo desde s11
    Añadida s11 (28.0,22.0), siguiente=s10
    Añadida s10 (32.0,15.0), siguiente=s8
    Añadida s8 (30.0,8.0), siguiente=s6
    Añadida s6 (25.0,3.0), siguiente=s3
    Añadida s3 (18.0,1.0), siguiente=s2
    Añadida s2 (10.0,2.0), siguiente=s24
    Añadida s24 (0.0,0.0), siguiente=s21
    Añadida s21 (0.0,15.0), siguiente=s19
    Añadida s19 (2.0,22.0), siguiente=s17
    Añadida s17 (8.0,28.0), siguiente=s16
    Añadida s16 (15.0,30.0), siguiente=s14
    Añadida s14 (22.0,28.0), siguiente=s11
  Ciclo cerrado con 12 aristas, área=-730.5
  Área <= 0 -> ignorado
  Iniciando ciclo desde s14
    Añadida s14 (22.0,28.0), siguiente=s11
    Añadida s11 (28.0,22.0), siguiente=s10
    Añadida s10 (32.0,15.0), siguiente=s8
    Añadida s8 (30.0,8.0), siguiente=s6
    Añadida s6 (25.0,3.0), siguiente=s3
    Añadida s3 (18.0,1.0), siguiente=s2
    Añadida s2 (10.0,2.0), siguiente=s24
    Añadida s24 (0.0,0.0), siguiente=s21
    Añadida s21 (0.0,15.0), siguiente=s19
    Añadida s19 (2.0,22.0), siguiente=s17
    Añadida s17 (8.0,28.0), siguiente=s16
    Añadida s16 (15.0,30.0), siguiente=s14
  Ciclo cerrado con 12 aristas, área=-730.5
  Área <= 0 -> ignorado
  Iniciando ciclo desde s16
    Añadida s16 (15.0,30.0), siguiente=s14
    Añadida s14 (22.0,28.0), siguiente=s11
    Añadida s11 (28.0,22.0), siguiente=s10
    Añadida s10 (32.0,15.0), siguiente=s8
    Añadida s8 (30.0,8.0), siguiente=s6
    Añadida s6 (25.0,3.0), siguiente=s3
    Añadida s3 (18.0,1.0), siguiente=s2
    Añadida s2 (10.0,2.0), siguiente=s24
    Añadida s24 (0.0,0.0), siguiente=s21
    Añadida s21 (0.0,15.0), siguiente=s19
    Añadida s19 (2.0,22.0), siguiente=s17
    Añadida s17 (8.0,28.0), siguiente=s16
  Ciclo cerrado con 12 aristas, área=-730.5
  Área <= 0 -> ignorado
  Iniciando ciclo desde s17
    Añadida s17 (8.0,28.0), siguiente=s16
    Añadida s16 (15.0,30.0), siguiente=s14
    Añadida s14 (22.0,28.0), siguiente=s11
    Añadida s11 (28.0,22.0), siguiente=s10
    Añadida s10 (32.0,15.0), siguiente=s8
    Añadida s8 (30.0,8.0), siguiente=s6
    Añadida s6 (25.0,3.0), siguiente=s3
    Añadida s3 (18.0,1.0), siguiente=s2
    Añadida s2 (10.0,2.0), siguiente=s24
    Añadida s24 (0.0,0.0), siguiente=s21
    Añadida s21 (0.0,15.0), siguiente=s19
    Añadida s19 (2.0,22.0), siguiente=s17
  Ciclo cerrado con 12 aristas, área=-730.5
  Área <= 0 -> ignorado
  Iniciando ciclo desde s19
    Añadida s19 (2.0,22.0), siguiente=s17
    Añadida s17 (8.0,28.0), siguiente=s16
    Añadida s16 (15.0,30.0), siguiente=s14
    Añadida s14 (22.0,28.0), siguiente=s11
    Añadida s11 (28.0,22.0), siguiente=s10
    Añadida s10 (32.0,15.0), siguiente=s8
    Añadida s8 (30.0,8.0), siguiente=s6
    Añadida s6 (25.0,3.0), siguiente=s3
    Añadida s3 (18.0,1.0), siguiente=s2
    Añadida s2 (10.0,2.0), siguiente=s24
    Añadida s24 (0.0,0.0), siguiente=s21
    Añadida s21 (0.0,15.0), siguiente=s19
  Ciclo cerrado con 12 aristas, área=-730.5
  Área <= 0 -> ignorado
  Iniciando ciclo desde s21
    Añadida s21 (0.0,15.0), siguiente=s19
    Añadida s19 (2.0,22.0), siguiente=s17
    Añadida s17 (8.0,28.0), siguiente=s16
    Añadida s16 (15.0,30.0), siguiente=s14
    Añadida s14 (22.0,28.0), siguiente=s11
    Añadida s11 (28.0,22.0), siguiente=s10
    Añadida s10 (32.0,15.0), siguiente=s8
    Añadida s8 (30.0,8.0), siguiente=s6
    Añadida s6 (25.0,3.0), siguiente=s3
    Añadida s3 (18.0,1.0), siguiente=s2
    Añadida s2 (10.0,2.0), siguiente=s24
    Añadida s24 (0.0,0.0), siguiente=s21
  Ciclo cerrado con 12 aristas, área=-730.5
  Área <= 0 -> ignorado
  Iniciando ciclo desde s24
    Añadida s24 (0.0,0.0), siguiente=s21
    Añadida s21 (0.0,15.0), siguiente=s19
    Añadida s19 (2.0,22.0), siguiente=s17
    Añadida s17 (8.0,28.0), siguiente=s16
    Añadida s16 (15.0,30.0), siguiente=s14
    Añadida s14 (22.0,28.0), siguiente=s11
    Añadida s11 (28.0,22.0), siguiente=s10
    Añadida s10 (32.0,15.0), siguiente=s8
    Añadida s8 (30.0,8.0), siguiente=s6
    Añadida s6 (25.0,3.0), siguiente=s3
    Añadida s3 (18.0,1.0), siguiente=s2
    Añadida s2 (10.0,2.0), siguiente=s24
  Ciclo cerrado con 12 aristas, área=-730.5
  Área <= 0 -> ignorado
  Iniciando ciclo desde s25
    Añadida s25 (8.0,5.0), siguiente=s33
    Añadida s33 (5.0,6.0), siguiente=s32
    Añadida s32 (6.0,10.0), siguiente=s29
    Añadida s29 (10.0,10.0), siguiente=s28
    Añadida s28 (12.0,6.0), siguiente=s25
  Ciclo cerrado con 5 aristas, área=-25.5
  Área <= 0 -> ignorado
  Iniciando ciclo desde s26
    Añadida s26 (5.0,6.0), siguiente=s27
    Añadida s27 (8.0,5.0), siguiente=s30
    Añadida s30 (12.0,6.0), siguiente=s31
    Añadida s31 (10.0,10.0), siguiente=s34
    Añadida s34 (6.0,10.0), siguiente=s26
  Ciclo cerrado con 5 aristas, área=25.5
  Cara creada: f2
  Iniciando ciclo desde s28
    Añadida s28 (12.0,6.0), siguiente=s25
    Añadida s25 (8.0,5.0), siguiente=s33
    Añadida s33 (5.0,6.0), siguiente=s32
    Añadida s32 (6.0,10.0), siguiente=s29
    Añadida s29 (10.0,10.0), siguiente=s28
  Ciclo cerrado con 5 aristas, área=-25.5
  Área <= 0 -> ignorado
  Iniciando ciclo desde s29
    Añadida s29 (10.0,10.0), siguiente=s28
    Añadida s28 (12.0,6.0), siguiente=s25
    Añadida s25 (8.0,5.0), siguiente=s33
    Añadida s33 (5.0,6.0), siguiente=s32
    Añadida s32 (6.0,10.0), siguiente=s29
  Ciclo cerrado con 5 aristas, área=-25.5
  Área <= 0 -> ignorado
  Iniciando ciclo desde s32
    Añadida s32 (6.0,10.0), siguiente=s29
    Añadida s29 (10.0,10.0), siguiente=s28
    Añadida s28 (12.0,6.0), siguiente=s25
    Añadida s25 (8.0,5.0), siguiente=s33
    Añadida s33 (5.0,6.0), siguiente=s32
  Ciclo cerrado con 5 aristas, área=-25.5
  Área <= 0 -> ignorado
  Iniciando ciclo desde s33
    Añadida s33 (5.0,6.0), siguiente=s32
    Añadida s32 (6.0,10.0), siguiente=s29
    Añadida s29 (10.0,10.0), siguiente=s28
    Añadida s28 (12.0,6.0), siguiente=s25
    Añadida s25 (8.0,5.0), siguiente=s33
  Ciclo cerrado con 5 aristas, área=-25.5
  Área <= 0 -> ignorado
  Iniciando ciclo desde s35
    Añadida s35 (7.0,7.0), siguiente=s38
    Añadida s38 (9.0,7.0), siguiente=s40
    Añadida s40 (8.0,9.0), siguiente=s35
  Ciclo cerrado con 3 aristas, área=2.0
  Cara creada: f3
  Iniciando ciclo desde s36
    Añadida s36 (9.0,7.0), siguiente=s39
    Añadida s39 (7.0,7.0), siguiente=s37
    Añadida s37 (8.0,9.0), siguiente=s36
  Ciclo cerrado con 3 aristas, área=-2.0
  Área <= 0 -> ignorado
  Iniciando ciclo desde s37
    Añadida s37 (8.0,9.0), siguiente=s36
    Añadida s36 (9.0,7.0), siguiente=s39
    Añadida s39 (7.0,7.0), siguiente=s37
  Ciclo cerrado con 3 aristas, área=-2.0
  Área <= 0 -> ignorado
  Iniciando ciclo desde s39
    Añadida s39 (7.0,7.0), siguiente=s37
    Añadida s37 (8.0,9.0), siguiente=s36
    Añadida s36 (9.0,7.0), siguiente=s39
  Ciclo cerrado con 3 aristas, área=-2.0
  Área <= 0 -> ignorado
  Iniciando ciclo desde s41
    Añadida s41 (26.0,9.0), siguiente=s43
    Añadida s43 (22.0,10.0), siguiente=s45
    Añadida s45 (18.0,11.0), siguiente=s54
    Añadida s54 (14.0,12.0), siguiente=s51
    Añadida s51 (14.0,15.0), siguiente=s50
    Añadida s50 (16.0,16.0), siguiente=s48
    Añadida s48 (20.0,15.0), siguiente=s44
    Añadida s44 (18.0,11.0), siguiente=s62
    Añadida s62 (22.0,10.0), siguiente=s59
    Añadida s59 (22.0,13.0), siguiente=s58
    Añadida s58 (24.0,14.0), siguiente=s56
    Añadida s56 (28.0,12.0), siguiente=s41
  Ciclo cerrado con 12 aristas, área=-41.0
  Área <= 0 -> ignorado
  Iniciando ciclo desde s42
    Añadida s42 (22.0,10.0), siguiente=s55
    Añadida s55 (26.0,9.0), siguiente=s57
    Añadida s57 (28.0,12.0), siguiente=s60
    Añadida s60 (24.0,14.0), siguiente=s61
    Añadida s61 (22.0,13.0), siguiente=s42
  Ciclo cerrado con 5 aristas, área=20.0
  Cara creada: f4
  Iniciando ciclo desde s43
    Añadida s43 (22.0,10.0), siguiente=s45
    Añadida s45 (18.0,11.0), siguiente=s54
    Añadida s54 (14.0,12.0), siguiente=s51
    Añadida s51 (14.0,15.0), siguiente=s50
    Añadida s50 (16.0,16.0), siguiente=s48
    Añadida s48 (20.0,15.0), siguiente=s44
    Añadida s44 (18.0,11.0), siguiente=s62
    Añadida s62 (22.0,10.0), siguiente=s59
    Añadida s59 (22.0,13.0), siguiente=s58
    Añadida s58 (24.0,14.0), siguiente=s56
    Añadida s56 (28.0,12.0), siguiente=s41
    Añadida s41 (26.0,9.0), siguiente=s43
  Ciclo cerrado con 12 aristas, área=-41.0
  Área <= 0 -> ignorado
  Iniciando ciclo desde s44
    Añadida s44 (18.0,11.0), siguiente=s62
    Añadida s62 (22.0,10.0), siguiente=s59
    Añadida s59 (22.0,13.0), siguiente=s58
    Añadida s58 (24.0,14.0), siguiente=s56
    Añadida s56 (28.0,12.0), siguiente=s41
    Añadida s41 (26.0,9.0), siguiente=s43
    Añadida s43 (22.0,10.0), siguiente=s45
    Añadida s45 (18.0,11.0), siguiente=s54
    Añadida s54 (14.0,12.0), siguiente=s51
    Añadida s51 (14.0,15.0), siguiente=s50
    Añadida s50 (16.0,16.0), siguiente=s48
    Añadida s48 (20.0,15.0), siguiente=s44
  Ciclo cerrado con 12 aristas, área=-41.0
  Área <= 0 -> ignorado
  Iniciando ciclo desde s45
    Añadida s45 (18.0,11.0), siguiente=s54
    Añadida s54 (14.0,12.0), siguiente=s51
    Añadida s51 (14.0,15.0), siguiente=s50
    Añadida s50 (16.0,16.0), siguiente=s48
    Añadida s48 (20.0,15.0), siguiente=s44
    Añadida s44 (18.0,11.0), siguiente=s62
    Añadida s62 (22.0,10.0), siguiente=s59
    Añadida s59 (22.0,13.0), siguiente=s58
    Añadida s58 (24.0,14.0), siguiente=s56
    Añadida s56 (28.0,12.0), siguiente=s41
    Añadida s41 (26.0,9.0), siguiente=s43
    Añadida s43 (22.0,10.0), siguiente=s45
  Ciclo cerrado con 12 aristas, área=-41.0
  Área <= 0 -> ignorado
  Iniciando ciclo desde s46
    Añadida s46 (14.0,12.0), siguiente=s47
    Añadida s47 (18.0,11.0), siguiente=s49
    Añadida s49 (20.0,15.0), siguiente=s52
    Añadida s52 (16.0,16.0), siguiente=s53
    Añadida s53 (14.0,15.0), siguiente=s46
  Ciclo cerrado con 5 aristas, área=21.0
  Cara creada: f5
  Iniciando ciclo desde s48
    Añadida s48 (20.0,15.0), siguiente=s44
    Añadida s44 (18.0,11.0), siguiente=s62
    Añadida s62 (22.0,10.0), siguiente=s59
    Añadida s59 (22.0,13.0), siguiente=s58
    Añadida s58 (24.0,14.0), siguiente=s56
    Añadida s56 (28.0,12.0), siguiente=s41
    Añadida s41 (26.0,9.0), siguiente=s43
    Añadida s43 (22.0,10.0), siguiente=s45
    Añadida s45 (18.0,11.0), siguiente=s54
    Añadida s54 (14.0,12.0), siguiente=s51
    Añadida s51 (14.0,15.0), siguiente=s50
    Añadida s50 (16.0,16.0), siguiente=s48
  Ciclo cerrado con 12 aristas, área=-41.0
  Área <= 0 -> ignorado
  Iniciando ciclo desde s50
    Añadida s50 (16.0,16.0), siguiente=s48
    Añadida s48 (20.0,15.0), siguiente=s44
    Añadida s44 (18.0,11.0), siguiente=s62
    Añadida s62 (22.0,10.0), siguiente=s59
    Añadida s59 (22.0,13.0), siguiente=s58
    Añadida s58 (24.0,14.0), siguiente=s56
    Añadida s56 (28.0,12.0), siguiente=s41
    Añadida s41 (26.0,9.0), siguiente=s43
    Añadida s43 (22.0,10.0), siguiente=s45
    Añadida s45 (18.0,11.0), siguiente=s54
    Añadida s54 (14.0,12.0), siguiente=s51
    Añadida s51 (14.0,15.0), siguiente=s50
  Ciclo cerrado con 12 aristas, área=-41.0
  Área <= 0 -> ignorado
  Iniciando ciclo desde s51
    Añadida s51 (14.0,15.0), siguiente=s50
    Añadida s50 (16.0,16.0), siguiente=s48
    Añadida s48 (20.0,15.0), siguiente=s44
    Añadida s44 (18.0,11.0), siguiente=s62
    Añadida s62 (22.0,10.0), siguiente=s59
    Añadida s59 (22.0,13.0), siguiente=s58
    Añadida s58 (24.0,14.0), siguiente=s56
    Añadida s56 (28.0,12.0), siguiente=s41
    Añadida s41 (26.0,9.0), siguiente=s43
    Añadida s43 (22.0,10.0), siguiente=s45
    Añadida s45 (18.0,11.0), siguiente=s54
    Añadida s54 (14.0,12.0), siguiente=s51
  Ciclo cerrado con 12 aristas, área=-41.0
  Área <= 0 -> ignorado
  Iniciando ciclo desde s54
    Añadida s54 (14.0,12.0), siguiente=s51
    Añadida s51 (14.0,15.0), siguiente=s50
    Añadida s50 (16.0,16.0), siguiente=s48
    Añadida s48 (20.0,15.0), siguiente=s44
    Añadida s44 (18.0,11.0), siguiente=s62
    Añadida s62 (22.0,10.0), siguiente=s59
    Añadida s59 (22.0,13.0), siguiente=s58
    Añadida s58 (24.0,14.0), siguiente=s56
    Añadida s56 (28.0,12.0), siguiente=s41
    Añadida s41 (26.0,9.0), siguiente=s43
    Añadida s43 (22.0,10.0), siguiente=s45
    Añadida s45 (18.0,11.0), siguiente=s54
  Ciclo cerrado con 12 aristas, área=-41.0
  Área <= 0 -> ignorado
  Iniciando ciclo desde s56
    Añadida s56 (28.0,12.0), siguiente=s41
    Añadida s41 (26.0,9.0), siguiente=s43
    Añadida s43 (22.0,10.0), siguiente=s45
    Añadida s45 (18.0,11.0), siguiente=s54
    Añadida s54 (14.0,12.0), siguiente=s51
    Añadida s51 (14.0,15.0), siguiente=s50
    Añadida s50 (16.0,16.0), siguiente=s48
    Añadida s48 (20.0,15.0), siguiente=s44
    Añadida s44 (18.0,11.0), siguiente=s62
    Añadida s62 (22.0,10.0), siguiente=s59
    Añadida s59 (22.0,13.0), siguiente=s58
    Añadida s58 (24.0,14.0), siguiente=s56
  Ciclo cerrado con 12 aristas, área=-41.0
  Área <= 0 -> ignorado
  Iniciando ciclo desde s58
    Añadida s58 (24.0,14.0), siguiente=s56
    Añadida s56 (28.0,12.0), siguiente=s41
    Añadida s41 (26.0,9.0), siguiente=s43
    Añadida s43 (22.0,10.0), siguiente=s45
    Añadida s45 (18.0,11.0), siguiente=s54
    Añadida s54 (14.0,12.0), siguiente=s51
    Añadida s51 (14.0,15.0), siguiente=s50
    Añadida s50 (16.0,16.0), siguiente=s48
    Añadida s48 (20.0,15.0), siguiente=s44
    Añadida s44 (18.0,11.0), siguiente=s62
    Añadida s62 (22.0,10.0), siguiente=s59
    Añadida s59 (22.0,13.0), siguiente=s58
  Ciclo cerrado con 12 aristas, área=-41.0
  Área <= 0 -> ignorado
  Iniciando ciclo desde s59
    Añadida s59 (22.0,13.0), siguiente=s58
    Añadida s58 (24.0,14.0), siguiente=s56
    Añadida s56 (28.0,12.0), siguiente=s41
    Añadida s41 (26.0,9.0), siguiente=s43
    Añadida s43 (22.0,10.0), siguiente=s45
    Añadida s45 (18.0,11.0), siguiente=s54
    Añadida s54 (14.0,12.0), siguiente=s51
    Añadida s51 (14.0,15.0), siguiente=s50
    Añadida s50 (16.0,16.0), siguiente=s48
    Añadida s48 (20.0,15.0), siguiente=s44
    Añadida s44 (18.0,11.0), siguiente=s62
    Añadida s62 (22.0,10.0), siguiente=s59
  Ciclo cerrado con 12 aristas, área=-41.0
  Área <= 0 -> ignorado
  Iniciando ciclo desde s62
    Añadida s62 (22.0,10.0), siguiente=s59
    Añadida s59 (22.0,13.0), siguiente=s58
    Añadida s58 (24.0,14.0), siguiente=s56
    Añadida s56 (28.0,12.0), siguiente=s41
    Añadida s41 (26.0,9.0), siguiente=s43
    Añadida s43 (22.0,10.0), siguiente=s45
    Añadida s45 (18.0,11.0), siguiente=s54
    Añadida s54 (14.0,12.0), siguiente=s51
    Añadida s51 (14.0,15.0), siguiente=s50
    Añadida s50 (16.0,16.0), siguiente=s48
    Añadida s48 (20.0,15.0), siguiente=s44
    Añadida s44 (18.0,11.0), siguiente=s62
  Ciclo cerrado con 12 aristas, área=-41.0
  Área <= 0 -> ignorado
  Iniciando ciclo desde s63
    Añadida s63 (6.0,16.0), siguiente=s73
    Añadida s73 (4.0,18.0), siguiente=s71
    Añadida s71 (5.0,20.0), siguiente=s70
    Añadida s70 (8.0,21.0), siguiente=s68
    Añadida s68 (12.0,19.0), siguiente=s66
    Añadida s66 (10.0,17.0), siguiente=s63
  Ciclo cerrado con 6 aristas, área=-24.5
  Área <= 0 -> ignorado
  Iniciando ciclo desde s64
    Añadida s64 (4.0,18.0), siguiente=s65
    Añadida s65 (6.0,16.0), siguiente=s67
    Añadida s67 (10.0,17.0), siguiente=s69
    Añadida s69 (12.0,19.0), siguiente=s72
    Añadida s72 (8.0,21.0), siguiente=s74
    Añadida s74 (5.0,20.0), siguiente=s64
  Ciclo cerrado con 6 aristas, área=24.5
  Cara creada: f6
  Iniciando ciclo desde s66
    Añadida s66 (10.0,17.0), siguiente=s63
    Añadida s63 (6.0,16.0), siguiente=s73
    Añadida s73 (4.0,18.0), siguiente=s71
    Añadida s71 (5.0,20.0), siguiente=s70
    Añadida s70 (8.0,21.0), siguiente=s68
    Añadida s68 (12.0,19.0), siguiente=s66
  Ciclo cerrado con 6 aristas, área=-24.5
  Área <= 0 -> ignorado
  Iniciando ciclo desde s68
    Añadida s68 (12.0,19.0), siguiente=s66
    Añadida s66 (10.0,17.0), siguiente=s63
    Añadida s63 (6.0,16.0), siguiente=s73
    Añadida s73 (4.0,18.0), siguiente=s71
    Añadida s71 (5.0,20.0), siguiente=s70
    Añadida s70 (8.0,21.0), siguiente=s68
  Ciclo cerrado con 6 aristas, área=-24.5
  Área <= 0 -> ignorado
  Iniciando ciclo desde s70
    Añadida s70 (8.0,21.0), siguiente=s68
    Añadida s68 (12.0,19.0), siguiente=s66
    Añadida s66 (10.0,17.0), siguiente=s63
    Añadida s63 (6.0,16.0), siguiente=s73
    Añadida s73 (4.0,18.0), siguiente=s71
    Añadida s71 (5.0,20.0), siguiente=s70
  Ciclo cerrado con 6 aristas, área=-24.5
  Área <= 0 -> ignorado
  Iniciando ciclo desde s71
    Añadida s71 (5.0,20.0), siguiente=s70
    Añadida s70 (8.0,21.0), siguiente=s68
    Añadida s68 (12.0,19.0), siguiente=s66
    Añadida s66 (10.0,17.0), siguiente=s63
    Añadida s63 (6.0,16.0), siguiente=s73
    Añadida s73 (4.0,18.0), siguiente=s71
  Ciclo cerrado con 6 aristas, área=-24.5
  Área <= 0 -> ignorado
  Iniciando ciclo desde s73
    Añadida s73 (4.0,18.0), siguiente=s71
    Añadida s71 (5.0,20.0), siguiente=s70
    Añadida s70 (8.0,21.0), siguiente=s68
    Añadida s68 (12.0,19.0), siguiente=s66
    Añadida s66 (10.0,17.0), siguiente=s63
    Añadida s63 (6.0,16.0), siguiente=s73
  Ciclo cerrado con 6 aristas, área=-24.5
  Área <= 0 -> ignorado
  Iniciando ciclo desde s75
    Añadida s75 (18.0,19.0), siguiente=s84
    Añadida s84 (15.0,20.0), siguiente=s81
    Añadida s81 (14.0,22.0), siguiente=s80
    Añadida s80 (17.0,23.0), siguiente=s78
    Añadida s78 (20.0,21.0), siguiente=s75
  Ciclo cerrado con 5 aristas, área=-14.0
  Área <= 0 -> ignorado
  Iniciando ciclo desde s76
    Añadida s76 (15.0,20.0), siguiente=s77
    Añadida s77 (18.0,19.0), siguiente=s79
    Añadida s79 (20.0,21.0), siguiente=s82
    Añadida s82 (17.0,23.0), siguiente=s83
    Añadida s83 (14.0,22.0), siguiente=s76
  Ciclo cerrado con 5 aristas, área=14.0
  Cara creada: f7
  Iniciando ciclo desde s78
    Añadida s78 (20.0,21.0), siguiente=s75
    Añadida s75 (18.0,19.0), siguiente=s84
    Añadida s84 (15.0,20.0), siguiente=s81
    Añadida s81 (14.0,22.0), siguiente=s80
    Añadida s80 (17.0,23.0), siguiente=s78
  Ciclo cerrado con 5 aristas, área=-14.0
  Área <= 0 -> ignorado
  Iniciando ciclo desde s80
    Añadida s80 (17.0,23.0), siguiente=s78
    Añadida s78 (20.0,21.0), siguiente=s75
    Añadida s75 (18.0,19.0), siguiente=s84
    Añadida s84 (15.0,20.0), siguiente=s81
    Añadida s81 (14.0,22.0), siguiente=s80
  Ciclo cerrado con 5 aristas, área=-14.0
  Área <= 0 -> ignorado
  Iniciando ciclo desde s81
    Añadida s81 (14.0,22.0), siguiente=s80
    Añadida s80 (17.0,23.0), siguiente=s78
    Añadida s78 (20.0,21.0), siguiente=s75
    Añadida s75 (18.0,19.0), siguiente=s84
    Añadida s84 (15.0,20.0), siguiente=s81
  Ciclo cerrado con 5 aristas, área=-14.0
  Área <= 0 -> ignorado
  Iniciando ciclo desde s84
    Añadida s84 (15.0,20.0), siguiente=s81
    Añadida s81 (14.0,22.0), siguiente=s80
    Añadida s80 (17.0,23.0), siguiente=s78
    Añadida s78 (20.0,21.0), siguiente=s75
    Añadida s75 (18.0,19.0), siguiente=s84
  Ciclo cerrado con 5 aristas, área=-14.0
  Área <= 0 -> ignorado
  Iniciando ciclo desde s85
    Añadida s85 (26.0,18.0), siguiente=s87
    Añadida s87 (28.0,20.0), siguiente=s90
    Añadida s90 (25.0,22.0), siguiente=s92
    Añadida s92 (23.0,19.0), siguiente=s85
  Ciclo cerrado con 4 aristas, área=10.5
  Cara creada: f8
  Iniciando ciclo desde s86
    Añadida s86 (28.0,20.0), siguiente=s91
    Añadida s91 (26.0,18.0), siguiente=s89
    Añadida s89 (23.0,19.0), siguiente=s88
    Añadida s88 (25.0,22.0), siguiente=s86
  Ciclo cerrado con 4 aristas, área=-10.5
  Área <= 0 -> ignorado
  Iniciando ciclo desde s88
    Añadida s88 (25.0,22.0), siguiente=s86
    Añadida s86 (28.0,20.0), siguiente=s91
    Añadida s91 (26.0,18.0), siguiente=s89
    Añadida s89 (23.0,19.0), siguiente=s88
  Ciclo cerrado con 4 aristas, área=-10.5
  Área <= 0 -> ignorado
  Iniciando ciclo desde s89
    Añadida s89 (23.0,19.0), siguiente=s88
    Añadida s88 (25.0,22.0), siguiente=s86
    Añadida s86 (28.0,20.0), siguiente=s91
    Añadida s91 (26.0,18.0), siguiente=s89
  Ciclo cerrado con 4 aristas, área=-10.5
  Área <= 0 -> ignorado
  Iniciando ciclo desde s91
    Añadida s91 (26.0,18.0), siguiente=s89
    Añadida s89 (23.0,19.0), siguiente=s88
    Añadida s88 (25.0,22.0), siguiente=s86
    Añadida s86 (28.0,20.0), siguiente=s91
  Ciclo cerrado con 4 aristas, área=-10.5
  Área <= 0 -> ignorado
  Total de caras finitas creadas: 8

--- Creando cara infinita (f0) ---
  Aristas sin cara: ['s2', 's3', 's6', 's8', 's10', 's11', 's14', 's16', 's17', 's19', 's21', 's24', 's25', 's28', 's29', 's32', 's33', 's36', 's37', 's39', 's41', 's43', 's44', 's45', 's48', 's50', 's51', 's54', 's56', 's58', 's59', 's62', 's63', 's66', 's68', 's70', 's71', 's73', 's75', 's78', 's80', 's81', 's84', 's86', 's88', 's89', 's91']

=== RESUMEN FINAL ===
Vértices totales: 45
Aristas totales (half‑edges): 92
Caras totales (incluyendo f0): 9
  Vértice p1: (0.0, 0.0) incidente=s1
  Vértice p2: (10.0, 2.0) incidente=s2
  Vértice p3: (18.0, 1.0) incidente=s3
  Vértice p4: (25.0, 3.0) incidente=s6
  Vértice p5: (30.0, 8.0) incidente=s8
  Vértice p6: (32.0, 15.0) incidente=s10
  Vértice p7: (28.0, 22.0) incidente=s11
  Vértice p8: (22.0, 28.0) incidente=s14
  Vértice p9: (15.0, 30.0) incidente=s16
  Vértice p10: (8.0, 28.0) incidente=s17
  Vértice p11: (2.0, 22.0) incidente=s19
  Vértice p12: (0.0, 15.0) incidente=s21
  Vértice p13: (8.0, 5.0) incidente=s25
  Vértice p14: (5.0, 6.0) incidente=s26
  Vértice p15: (12.0, 6.0) incidente=s28
  Vértice p16: (10.0, 10.0) incidente=s29
  Vértice p17: (6.0, 10.0) incidente=s32
  Vértice p18: (7.0, 7.0) incidente=s35
  Vértice p19: (9.0, 7.0) incidente=s36
  Vértice p20: (8.0, 9.0) incidente=s37
  Vértice p21: (26.0, 9.0) incidente=s41
  Vértice p22: (22.0, 10.0) incidente=s42
  Vértice p23: (18.0, 11.0) incidente=s44
  Vértice p24: (14.0, 12.0) incidente=s46
  Vértice p25: (20.0, 15.0) incidente=s48
  Vértice p26: (16.0, 16.0) incidente=s50
  Vértice p27: (14.0, 15.0) incidente=s51
  Vértice p28: (28.0, 12.0) incidente=s56
  Vértice p29: (24.0, 14.0) incidente=s58
  Vértice p30: (22.0, 13.0) incidente=s59
  Vértice p31: (6.0, 16.0) incidente=s63
  Vértice p32: (4.0, 18.0) incidente=s64
  Vértice p33: (10.0, 17.0) incidente=s66
  Vértice p34: (12.0, 19.0) incidente=s68
  Vértice p35: (8.0, 21.0) incidente=s70
  Vértice p36: (5.0, 20.0) incidente=s71
  Vértice p37: (18.0, 19.0) incidente=s75
  Vértice p38: (15.0, 20.0) incidente=s76
  Vértice p39: (20.0, 21.0) incidente=s78
  Vértice p40: (17.0, 23.0) incidente=s80
  Vértice p41: (14.0, 22.0) incidente=s81
  Vértice p42: (26.0, 18.0) incidente=s85
  Vértice p43: (28.0, 20.0) incidente=s86
  Vértice p44: (25.0, 22.0) incidente=s88
  Vértice p45: (23.0, 19.0) incidente=s89
  Arista s1: orig=p1 pareja=s2 cara=f1 sig=s4 ant=s23
  Arista s2: orig=p2 pareja=s1 cara=f0 sig=s24 ant=s3
  Arista s3: orig=p3 pareja=s4 cara=f0 sig=s2 ant=s6
  Arista s4: orig=p2 pareja=s3 cara=f1 sig=s5 ant=s1
  Arista s5: orig=p3 pareja=s6 cara=f1 sig=s7 ant=s4
  Arista s6: orig=p4 pareja=s5 cara=f0 sig=s3 ant=s8
  Arista s7: orig=p4 pareja=s8 cara=f1 sig=s9 ant=s5
  Arista s8: orig=p5 pareja=s7 cara=f0 sig=s6 ant=s10
  Arista s9: orig=p5 pareja=s10 cara=f1 sig=s12 ant=s7
  Arista s10: orig=p6 pareja=s9 cara=f0 sig=s8 ant=s11
  Arista s11: orig=p7 pareja=s12 cara=f0 sig=s10 ant=s14
  Arista s12: orig=p6 pareja=s11 cara=f1 sig=s13 ant=s9
  Arista s13: orig=p7 pareja=s14 cara=f1 sig=s15 ant=s12
  Arista s14: orig=p8 pareja=s13 cara=f0 sig=s11 ant=s16
  Arista s15: orig=p8 pareja=s16 cara=f1 sig=s18 ant=s13
  Arista s16: orig=p9 pareja=s15 cara=f0 sig=s14 ant=s17
  Arista s17: orig=p10 pareja=s18 cara=f0 sig=s16 ant=s19
  Arista s18: orig=p9 pareja=s17 cara=f1 sig=s20 ant=s15
  Arista s19: orig=p11 pareja=s20 cara=f0 sig=s17 ant=s21
  Arista s20: orig=p10 pareja=s19 cara=f1 sig=s22 ant=s18
  Arista s21: orig=p12 pareja=s22 cara=f0 sig=s19 ant=s24
  Arista s22: orig=p11 pareja=s21 cara=f1 sig=s23 ant=s20
  Arista s23: orig=p12 pareja=s24 cara=f1 sig=s1 ant=s22
  Arista s24: orig=p1 pareja=s23 cara=f0 sig=s21 ant=s2
  Arista s25: orig=p13 pareja=s26 cara=f0 sig=s33 ant=s28
  Arista s26: orig=p14 pareja=s25 cara=f2 sig=s27 ant=s34
  Arista s27: orig=p13 pareja=s28 cara=f2 sig=s30 ant=s26
  Arista s28: orig=p15 pareja=s27 cara=f0 sig=s25 ant=s29
  Arista s29: orig=p16 pareja=s30 cara=f0 sig=s28 ant=s32
  Arista s30: orig=p15 pareja=s29 cara=f2 sig=s31 ant=s27
  Arista s31: orig=p16 pareja=s32 cara=f2 sig=s34 ant=s30
  Arista s32: orig=p17 pareja=s31 cara=f0 sig=s29 ant=s33
  Arista s33: orig=p14 pareja=s34 cara=f0 sig=s32 ant=s25
  Arista s34: orig=p17 pareja=s33 cara=f2 sig=s26 ant=s31
  Arista s35: orig=p18 pareja=s36 cara=f3 sig=s38 ant=s40
  Arista s36: orig=p19 pareja=s35 cara=f0 sig=s39 ant=s37
  Arista s37: orig=p20 pareja=s38 cara=f0 sig=s36 ant=s39
  Arista s38: orig=p19 pareja=s37 cara=f3 sig=s40 ant=s35
  Arista s39: orig=p18 pareja=s40 cara=f0 sig=s37 ant=s36
  Arista s40: orig=p20 pareja=s39 cara=f3 sig=s35 ant=s38
  Arista s41: orig=p21 pareja=s42 cara=f0 sig=s43 ant=s56
  Arista s42: orig=p22 pareja=s41 cara=f4 sig=s55 ant=s61
  Arista s43: orig=p22 pareja=s44 cara=f0 sig=s45 ant=s41
  Arista s44: orig=p23 pareja=s43 cara=f0 sig=s62 ant=s48
  Arista s45: orig=p23 pareja=s46 cara=f0 sig=s54 ant=s43
  Arista s46: orig=p24 pareja=s45 cara=f5 sig=s47 ant=s53
  Arista s47: orig=p23 pareja=s48 cara=f5 sig=s49 ant=s46
  Arista s48: orig=p25 pareja=s47 cara=f0 sig=s44 ant=s50
  Arista s49: orig=p25 pareja=s50 cara=f5 sig=s52 ant=s47
  Arista s50: orig=p26 pareja=s49 cara=f0 sig=s48 ant=s51
  Arista s51: orig=p27 pareja=s52 cara=f0 sig=s50 ant=s54
  Arista s52: orig=p26 pareja=s51 cara=f5 sig=s53 ant=s49
  Arista s53: orig=p27 pareja=s54 cara=f5 sig=s46 ant=s52
  Arista s54: orig=p24 pareja=s53 cara=f0 sig=s51 ant=s45
  Arista s55: orig=p21 pareja=s56 cara=f4 sig=s57 ant=s42
  Arista s56: orig=p28 pareja=s55 cara=f0 sig=s41 ant=s58
  Arista s57: orig=p28 pareja=s58 cara=f4 sig=s60 ant=s55
  Arista s58: orig=p29 pareja=s57 cara=f0 sig=s56 ant=s59
  Arista s59: orig=p30 pareja=s60 cara=f0 sig=s58 ant=s62
  Arista s60: orig=p29 pareja=s59 cara=f4 sig=s61 ant=s57
  Arista s61: orig=p30 pareja=s62 cara=f4 sig=s42 ant=s60
  Arista s62: orig=p22 pareja=s61 cara=f0 sig=s59 ant=s44
  Arista s63: orig=p31 pareja=s64 cara=f0 sig=s73 ant=s66
  Arista s64: orig=p32 pareja=s63 cara=f6 sig=s65 ant=s74
  Arista s65: orig=p31 pareja=s66 cara=f6 sig=s67 ant=s64
  Arista s66: orig=p33 pareja=s65 cara=f0 sig=s63 ant=s68
  Arista s67: orig=p33 pareja=s68 cara=f6 sig=s69 ant=s65
  Arista s68: orig=p34 pareja=s67 cara=f0 sig=s66 ant=s70
  Arista s69: orig=p34 pareja=s70 cara=f6 sig=s72 ant=s67
  Arista s70: orig=p35 pareja=s69 cara=f0 sig=s68 ant=s71
  Arista s71: orig=p36 pareja=s72 cara=f0 sig=s70 ant=s73
  Arista s72: orig=p35 pareja=s71 cara=f6 sig=s74 ant=s69
  Arista s73: orig=p32 pareja=s74 cara=f0 sig=s71 ant=s63
  Arista s74: orig=p36 pareja=s73 cara=f6 sig=s64 ant=s72
  Arista s75: orig=p37 pareja=s76 cara=f0 sig=s84 ant=s78
  Arista s76: orig=p38 pareja=s75 cara=f7 sig=s77 ant=s83
  Arista s77: orig=p37 pareja=s78 cara=f7 sig=s79 ant=s76
  Arista s78: orig=p39 pareja=s77 cara=f0 sig=s75 ant=s80
  Arista s79: orig=p39 pareja=s80 cara=f7 sig=s82 ant=s77
  Arista s80: orig=p40 pareja=s79 cara=f0 sig=s78 ant=s81
  Arista s81: orig=p41 pareja=s82 cara=f0 sig=s80 ant=s84
  Arista s82: orig=p40 pareja=s81 cara=f7 sig=s83 ant=s79
  Arista s83: orig=p41 pareja=s84 cara=f7 sig=s76 ant=s82
  Arista s84: orig=p38 pareja=s83 cara=f0 sig=s81 ant=s75
  Arista s85: orig=p42 pareja=s86 cara=f8 sig=s87 ant=s92
  Arista s86: orig=p43 pareja=s85 cara=f0 sig=s91 ant=s88
  Arista s87: orig=p43 pareja=s88 cara=f8 sig=s90 ant=s85
  Arista s88: orig=p44 pareja=s87 cara=f0 sig=s86 ant=s89
  Arista s89: orig=p45 pareja=s90 cara=f0 sig=s88 ant=s91
  Arista s90: orig=p44 pareja=s89 cara=f8 sig=s92 ant=s87
  Arista s91: orig=p42 pareja=s92 cara=f0 sig=s89 ant=s86
  Arista s92: orig=p45 pareja=s91 cara=f8 sig=s85 ant=s90
  Cara f1: externo=s1 internos=[]
  Cara f2: externo=s26 internos=[]
  Cara f3: externo=s35 internos=[]
  Cara f4: externo=s42 internos=[]
  Cara f5: externo=s46 internos=[]
  Cara f6: externo=s64 internos=[]
  Cara f7: externo=s76 internos=[]
  Cara f8: externo=s85 internos=[]
  Cara f0: externo=None internos=['s2', 's3', 's6', 's8', 's10', 's11', 's14', 's16', 's17', 's19', 's21', 's24', 's25', 's28', 's29', 's32', 's33', 's36', 's37', 's39', 's41', 's43', 's44', 's45', 's48', 's50', 's51', 's54', 's56', 's58', 's59', 's62', 's63', 's66', 's68', 's70', 's71', 's73', 's75', 's78', 's80', 's81', 's84', 's86', 's88', 's89', 's91']

Caras activas finales: ['f3', 'f5', 'f6', 'f7']
